2018-06-18 18:18:43,827:enviroment_setup.py:<module>:INFO:----------------------Start of enviroment setup-----------------------
2018-06-18 18:18:43,828:enviroment_setup.py:basic_env_set:INFO:Directory of ..\image_data_Udacity_CarND_P5 is already existing
2018-06-18 18:18:43,829:enviroment_setup.py:basic_env_set:INFO:vehicles.zip is already existinng.
2018-06-18 18:18:43,830:enviroment_setup.py:basic_env_set:INFO:non-vehicles.zip is already existinng.
2018-06-18 18:18:43,831:enviroment_setup.py:basic_env_set:INFO:udacity-annoations-crowdai is already existinng.
2018-06-18 18:18:43,831:enviroment_setup.py:basic_env_set:INFO:udacity-annotations-autti is already existinng.
2018-06-18 18:18:43,832:enviroment_setup.py:basic_env_set:INFO:File should be unpacked. Please check the directory
2018-06-18 18:18:43,833:enviroment_setup.py:basic_env_set:INFO:File should be unpacked. Please check the directory
2018-06-18 21:06:28,446:enviroment_setup.py:<module>:INFO:----------------------Start of enviroment setup-----------------------
2018-06-18 21:06:28,447:enviroment_setup.py:basic_env_set:INFO:Directory of ..\image_data_Udacity_CarND_P5 is already existing
2018-06-18 21:06:28,448:enviroment_setup.py:basic_env_set:INFO:vehicles.zip is already existinng.
2018-06-18 21:06:28,449:enviroment_setup.py:basic_env_set:INFO:non-vehicles.zip is already existinng.
2018-06-18 21:06:28,449:enviroment_setup.py:basic_env_set:INFO:udacity-annoations-crowdai is already existinng.
2018-06-18 21:06:28,450:enviroment_setup.py:basic_env_set:INFO:udacity-annotations-autti is already existinng.
2018-06-18 21:06:28,451:enviroment_setup.py:basic_env_set:INFO:File should be unpacked. Please check the directory
2018-06-18 21:06:28,452:enviroment_setup.py:basic_env_set:INFO:File should be unpacked. Please check the directory
2018-06-18 21:07:35,171:enviroment_setup.py:<module>:INFO:----------------------Start of enviroment setup-----------------------
2018-06-18 21:07:35,173:enviroment_setup.py:basic_env_set:INFO:Directory of ..\image_data_Udacity_CarND_P5 is already existing
2018-06-18 21:07:35,175:enviroment_setup.py:basic_env_set:INFO:vehicles.zip is already existinng.
2018-06-18 21:07:35,176:enviroment_setup.py:basic_env_set:INFO:non-vehicles.zip is already existinng.
2018-06-18 21:07:35,178:enviroment_setup.py:basic_env_set:INFO:udacity-annoations-crowdai is already existinng.
2018-06-18 21:07:35,179:enviroment_setup.py:basic_env_set:INFO:udacity-annotations-autti is already existinng.
2018-06-18 21:07:35,180:enviroment_setup.py:basic_env_set:INFO:File should be unpacked. Please check the directory
2018-06-18 21:07:35,181:enviroment_setup.py:basic_env_set:INFO:File should be unpacked. Please check the directory
2018-06-18 22:20:45,094:enviroment_setup.py:<module>:INFO:----------------------Start of enviroment setup-----------------------
2018-06-18 22:23:40,939:enviroment_setup.py:<module>:INFO:----------------------Start of enviroment setup-----------------------
2018-06-18 22:23:40,940:enviroment_setup.py:basic_env_set:INFO:Directory of ..\image_data_Udacity_CarND_P5 is already existing
2018-06-18 22:23:40,940:enviroment_setup.py:basic_env_set:INFO:vehicles.zip is already existinng.
2018-06-18 22:23:40,941:enviroment_setup.py:basic_env_set:INFO:non-vehicles.zip is already existinng.
2018-06-18 22:23:40,942:enviroment_setup.py:basic_env_set:INFO:udacity-annoations-crowdai is already existinng.
2018-06-18 22:23:40,943:enviroment_setup.py:basic_env_set:INFO:udacity-annotations-autti is already existinng.
2018-06-18 22:23:40,944:enviroment_setup.py:basic_env_set:INFO:File should be unpacked. Please check the directory
2018-06-18 22:23:40,945:enviroment_setup.py:basic_env_set:INFO:File should be unpacked. Please check the directory
2018-06-18 22:24:18,513:enviroment_setup.py:<module>:INFO:----------------------Start of enviroment setup-----------------------
2018-06-18 22:24:18,515:enviroment_setup.py:basic_env_set:INFO:Directory of ..\image_data_Udacity_CarND_P5 is already existing
2018-06-18 22:24:18,516:enviroment_setup.py:basic_env_set:INFO:vehicles.zip is already existinng.
2018-06-18 22:24:18,520:enviroment_setup.py:basic_env_set:INFO:non-vehicles.zip is already existinng.
2018-06-18 22:24:18,521:enviroment_setup.py:basic_env_set:INFO:udacity-annoations-crowdai is already existinng.
2018-06-18 22:24:18,523:enviroment_setup.py:basic_env_set:INFO:udacity-annotations-autti is already existinng.
2018-06-18 22:24:18,525:enviroment_setup.py:basic_env_set:INFO:File should be unpacked. Please check the directory
2018-06-18 22:24:18,527:enviroment_setup.py:basic_env_set:INFO:File should be unpacked. Please check the directory
2018-06-18 22:24:18,530:enviroment_setup.py:basic_env_set:INFO:object-dataset file sorting was already done.
2018-06-18 22:24:26,142:enviroment_setup.py:<module>:INFO:-----------------------End of enviroment setup------------------------
2018-06-18 22:25:06,906:enviroment_setup.py:<module>:INFO:----------------------Start of enviroment setup-----------------------
2018-06-18 22:25:06,907:enviroment_setup.py:basic_env_set:INFO:Directory of ..\image_data_Udacity_CarND_P5 is already existing
2018-06-18 22:25:06,907:enviroment_setup.py:basic_env_set:INFO:vehicles.zip is already existinng.
2018-06-18 22:25:06,908:enviroment_setup.py:basic_env_set:INFO:non-vehicles.zip is already existinng.
2018-06-18 22:25:06,909:enviroment_setup.py:basic_env_set:INFO:udacity-annoations-crowdai is already existinng.
2018-06-18 22:25:06,911:enviroment_setup.py:basic_env_set:INFO:udacity-annotations-autti is already existinng.
2018-06-18 22:25:06,914:enviroment_setup.py:basic_env_set:INFO:File should be unpacked. Please check the directory
2018-06-18 22:25:06,915:enviroment_setup.py:basic_env_set:INFO:File should be unpacked. Please check the directory
2018-06-18 22:27:42,892:enviroment_setup.py:<module>:INFO:----------------------Start of enviroment setup-----------------------
2018-06-18 22:27:42,893:enviroment_setup.py:basic_env_set:INFO:Directory of ..\image_data_Udacity_CarND_P5 is already existing
2018-06-18 22:27:42,894:enviroment_setup.py:basic_env_set:INFO:vehicles.zip is already existinng.
2018-06-18 22:27:42,895:enviroment_setup.py:basic_env_set:INFO:non-vehicles.zip is already existinng.
2018-06-18 22:27:42,896:enviroment_setup.py:basic_env_set:INFO:udacity-annoations-crowdai is already existinng.
2018-06-18 22:27:42,897:enviroment_setup.py:basic_env_set:INFO:udacity-annotations-autti is already existinng.
2018-06-18 22:27:42,898:enviroment_setup.py:basic_env_set:INFO:File should be unpacked. Please check the directory
2018-06-18 22:27:42,898:enviroment_setup.py:basic_env_set:INFO:File should be unpacked. Please check the directory
2018-06-18 22:29:15,711:enviroment_setup.py:<module>:INFO:----------------------Start of enviroment setup-----------------------
2018-06-18 22:29:15,712:enviroment_setup.py:basic_env_set:INFO:Directory of ..\image_data_Udacity_CarND_P5 is already existing
2018-06-18 22:29:15,713:enviroment_setup.py:basic_env_set:INFO:vehicles.zip is already existinng.
2018-06-18 22:29:15,714:enviroment_setup.py:basic_env_set:INFO:non-vehicles.zip is already existinng.
2018-06-18 22:29:15,715:enviroment_setup.py:basic_env_set:INFO:udacity-annoations-crowdai is already existinng.
2018-06-18 22:29:15,717:enviroment_setup.py:basic_env_set:INFO:udacity-annotations-autti is already existinng.
2018-06-18 22:29:15,717:enviroment_setup.py:basic_env_set:INFO:File should be unpacked. Please check the directory
2018-06-18 22:29:15,718:enviroment_setup.py:basic_env_set:INFO:File should be unpacked. Please check the directory
2018-06-18 22:29:15,719:enviroment_setup.py:basic_env_set:INFO:object-dataset file sorting was already done.
2018-06-18 22:29:21,838:enviroment_setup.py:<module>:INFO:-----------------------End of enviroment setup------------------------
2018-06-18 22:30:46,776:enviroment_setup.py:<module>:INFO:----------------------Start of enviroment setup-----------------------
2018-06-18 22:30:46,776:enviroment_setup.py:basic_env_set:INFO:Directory of ..\image_data_Udacity_CarND_P5 is already existing
2018-06-18 22:30:46,777:enviroment_setup.py:basic_env_set:INFO:vehicles.zip is already existinng.
2018-06-18 22:30:46,778:enviroment_setup.py:basic_env_set:INFO:non-vehicles.zip is already existinng.
2018-06-18 22:30:46,778:enviroment_setup.py:basic_env_set:INFO:udacity-annoations-crowdai is already existinng.
2018-06-18 22:30:46,779:enviroment_setup.py:basic_env_set:INFO:udacity-annotations-autti is already existinng.
2018-06-18 22:30:46,780:enviroment_setup.py:basic_env_set:INFO:File should be unpacked. Please check the directory
2018-06-18 22:30:46,781:enviroment_setup.py:basic_env_set:INFO:File should be unpacked. Please check the directory
2018-06-18 22:31:00,292:enviroment_setup.py:<module>:INFO:-----------------------End of enviroment setup------------------------
2018-06-18 22:32:25,950:enviroment_setup.py:<module>:INFO:----------------------Start of enviroment setup-----------------------
2018-06-18 22:32:25,951:enviroment_setup.py:basic_env_set:INFO:Directory of ..\image_data_Udacity_CarND_P5 is already existing
2018-06-18 22:32:25,952:enviroment_setup.py:basic_env_set:INFO:vehicles.zip is already existinng.
2018-06-18 22:32:25,953:enviroment_setup.py:basic_env_set:INFO:non-vehicles.zip is already existinng.
2018-06-18 22:32:25,954:enviroment_setup.py:basic_env_set:INFO:udacity-annoations-crowdai is already existinng.
2018-06-18 22:32:25,955:enviroment_setup.py:basic_env_set:INFO:udacity-annotations-autti is already existinng.
2018-06-18 22:32:25,956:enviroment_setup.py:basic_env_set:INFO:File should be unpacked. Please check the directory
2018-06-18 22:32:25,957:enviroment_setup.py:basic_env_set:INFO:File should be unpacked. Please check the directory
2018-06-19 00:41:31,880:enviroment_setup.py:odc_crop:DEBUG:None
2018-06-19 00:43:57,328:enviroment_setup.py:odc_crop:DEBUG:None
2018-06-19 00:53:36,944:enviroment_setup.py:odc_crop:DEBUG:None
2018-06-19 01:54:08,368:enviroment_setup.py:odc_crop:DEBUG:None
2018-06-19 02:13:19,420:enviroment_setup.py:<module>:INFO:-----------------------End of enviroment setup------------------------
2018-06-19 14:36:42,400:enviroment_setup.py:<module>:INFO:----------------------Start of enviroment setup-----------------------
2018-06-19 14:36:42,401:enviroment_setup.py:basic_env_set:INFO:Directory of ..\image_data_Udacity_CarND_P5 is already existing
2018-06-19 14:36:42,401:enviroment_setup.py:basic_env_set:INFO:vehicles.zip is already existinng.
2018-06-19 14:36:42,402:enviroment_setup.py:basic_env_set:INFO:non-vehicles.zip is already existinng.
2018-06-19 14:36:42,403:enviroment_setup.py:basic_env_set:INFO:udacity-annoations-crowdai is already existinng.
2018-06-19 14:36:42,404:enviroment_setup.py:basic_env_set:INFO:udacity-annotations-autti is already existinng.
2018-06-19 14:36:42,404:enviroment_setup.py:basic_env_set:INFO:File should be unpacked. Please check the directory
2018-06-19 14:36:42,405:enviroment_setup.py:basic_env_set:INFO:File should be unpacked. Please check the directory
2018-06-19 14:37:06,300:enviroment_setup.py:<module>:INFO:----------------------Start of enviroment setup-----------------------
2018-06-19 14:37:06,301:enviroment_setup.py:basic_env_set:INFO:Directory of ..\image_data_Udacity_CarND_P5 is already existing
2018-06-19 14:37:06,302:enviroment_setup.py:basic_env_set:INFO:vehicles.zip is already existinng.
2018-06-19 14:37:06,303:enviroment_setup.py:basic_env_set:INFO:non-vehicles.zip is already existinng.
2018-06-19 14:37:06,304:enviroment_setup.py:basic_env_set:INFO:udacity-annoations-crowdai is already existinng.
2018-06-19 14:37:06,305:enviroment_setup.py:basic_env_set:INFO:udacity-annotations-autti is already existinng.
2018-06-19 14:37:06,305:enviroment_setup.py:basic_env_set:INFO:File should be unpacked. Please check the directory
2018-06-19 14:37:06,306:enviroment_setup.py:basic_env_set:INFO:File should be unpacked. Please check the directory
2018-06-19 14:37:06,986:enviroment_setup.py:<module>:INFO:-----------------------End of enviroment setup------------------------
2018-06-19 14:38:14,416:enviroment_setup.py:<module>:INFO:----------------------Start of enviroment setup-----------------------
2018-06-19 14:38:14,417:enviroment_setup.py:basic_env_set:INFO:Directory of ..\image_data_Udacity_CarND_P5 is already existing
2018-06-19 14:38:14,418:enviroment_setup.py:basic_env_set:INFO:vehicles.zip is already existinng.
2018-06-19 14:38:14,418:enviroment_setup.py:basic_env_set:INFO:non-vehicles.zip is already existinng.
2018-06-19 14:38:14,419:enviroment_setup.py:basic_env_set:INFO:udacity-annoations-crowdai is already existinng.
2018-06-19 14:38:14,419:enviroment_setup.py:basic_env_set:INFO:udacity-annotations-autti is already existinng.
2018-06-19 14:38:14,420:enviroment_setup.py:basic_env_set:INFO:File should be unpacked. Please check the directory
2018-06-19 14:38:14,421:enviroment_setup.py:basic_env_set:INFO:File should be unpacked. Please check the directory
2018-06-19 14:38:15,119:enviroment_setup.py:<module>:INFO:-----------------------End of enviroment setup------------------------
2018-06-19 14:39:32,840:enviroment_setup.py:<module>:INFO:----------------------Start of enviroment setup-----------------------
2018-06-19 14:39:32,842:enviroment_setup.py:basic_env_set:INFO:Directory of ..\image_data_Udacity_CarND_P5 is already existing
2018-06-19 14:39:32,842:enviroment_setup.py:basic_env_set:INFO:vehicles.zip is already existinng.
2018-06-19 14:39:32,843:enviroment_setup.py:basic_env_set:INFO:non-vehicles.zip is already existinng.
2018-06-19 14:39:32,844:enviroment_setup.py:basic_env_set:INFO:udacity-annoations-crowdai is already existinng.
2018-06-19 14:39:32,846:enviroment_setup.py:basic_env_set:INFO:udacity-annotations-autti is already existinng.
2018-06-19 14:39:32,847:enviroment_setup.py:basic_env_set:INFO:File should be unpacked. Please check the directory
2018-06-19 14:39:32,849:enviroment_setup.py:basic_env_set:INFO:File should be unpacked. Please check the directory
2018-06-19 14:39:59,835:enviroment_setup.py:<module>:INFO:-----------------------End of enviroment setup------------------------
2018-06-19 14:43:47,154:enviroment_setup.py:<module>:INFO:----------------------Start of enviroment setup-----------------------
2018-06-19 14:43:47,155:enviroment_setup.py:basic_env_set:INFO:Directory of ..\image_data_Udacity_CarND_P5 is already existing
2018-06-19 14:43:47,156:enviroment_setup.py:basic_env_set:INFO:vehicles.zip is already existinng.
2018-06-19 14:43:47,157:enviroment_setup.py:basic_env_set:INFO:non-vehicles.zip is already existinng.
2018-06-19 14:43:47,158:enviroment_setup.py:basic_env_set:INFO:udacity-annoations-crowdai is already existinng.
2018-06-19 14:43:47,159:enviroment_setup.py:basic_env_set:INFO:udacity-annotations-autti is already existinng.
2018-06-19 14:43:47,161:enviroment_setup.py:basic_env_set:INFO:File should be unpacked. Please check the directory
2018-06-19 14:43:47,163:enviroment_setup.py:basic_env_set:INFO:File should be unpacked. Please check the directory
2018-06-19 14:44:29,416:enviroment_setup.py:<module>:INFO:-----------------------End of enviroment setup------------------------
2018-06-19 14:45:24,717:enviroment_setup.py:<module>:INFO:----------------------Start of enviroment setup-----------------------
2018-06-19 14:45:24,719:enviroment_setup.py:basic_env_set:INFO:Directory of ..\image_data_Udacity_CarND_P5 is already existing
2018-06-19 14:45:24,720:enviroment_setup.py:basic_env_set:INFO:vehicles.zip is already existinng.
2018-06-19 14:45:24,721:enviroment_setup.py:basic_env_set:INFO:non-vehicles.zip is already existinng.
2018-06-19 14:45:24,722:enviroment_setup.py:basic_env_set:INFO:udacity-annoations-crowdai is already existinng.
2018-06-19 14:45:24,723:enviroment_setup.py:basic_env_set:INFO:udacity-annotations-autti is already existinng.
2018-06-19 14:45:24,725:enviroment_setup.py:basic_env_set:INFO:File should be unpacked. Please check the directory
2018-06-19 14:45:24,726:enviroment_setup.py:basic_env_set:INFO:File should be unpacked. Please check the directory
2018-06-19 14:59:50,862:enviroment_setup.py:<module>:INFO:----------------------Start of enviroment setup-----------------------
2018-06-19 14:59:50,863:enviroment_setup.py:basic_env_set:INFO:Directory of ..\image_data_Udacity_CarND_P5 is already existing
2018-06-19 14:59:50,864:enviroment_setup.py:basic_env_set:INFO:vehicles.zip is already existinng.
2018-06-19 14:59:50,865:enviroment_setup.py:basic_env_set:INFO:non-vehicles.zip is already existinng.
2018-06-19 14:59:50,865:enviroment_setup.py:basic_env_set:INFO:udacity-annoations-crowdai is already existinng.
2018-06-19 14:59:50,866:enviroment_setup.py:basic_env_set:INFO:udacity-annotations-autti is already existinng.
2018-06-19 14:59:50,867:enviroment_setup.py:basic_env_set:INFO:File should be unpacked. Please check the directory
2018-06-19 14:59:50,867:enviroment_setup.py:basic_env_set:INFO:File should be unpacked. Please check the directory
2018-06-19 15:01:03,259:enviroment_setup.py:<module>:INFO:----------------------Start of enviroment setup-----------------------
2018-06-19 15:01:03,261:enviroment_setup.py:basic_env_set:INFO:Directory of ..\image_data_Udacity_CarND_P5 is already existing
2018-06-19 15:01:03,262:enviroment_setup.py:basic_env_set:INFO:vehicles.zip is already existinng.
2018-06-19 15:01:03,263:enviroment_setup.py:basic_env_set:INFO:non-vehicles.zip is already existinng.
2018-06-19 15:01:03,265:enviroment_setup.py:basic_env_set:INFO:udacity-annoations-crowdai is already existinng.
2018-06-19 15:01:03,266:enviroment_setup.py:basic_env_set:INFO:udacity-annotations-autti is already existinng.
2018-06-19 15:01:03,267:enviroment_setup.py:basic_env_set:INFO:File should be unpacked. Please check the directory
2018-06-19 15:01:03,269:enviroment_setup.py:basic_env_set:INFO:File should be unpacked. Please check the directory
2018-06-19 15:08:23,076:enviroment_setup.py:<module>:INFO:----------------------Start of enviroment setup-----------------------
2018-06-19 15:08:23,078:enviroment_setup.py:basic_env_set:INFO:Directory of ..\image_data_Udacity_CarND_P5 is already existing
2018-06-19 15:08:23,080:enviroment_setup.py:basic_env_set:INFO:vehicles.zip is already existinng.
2018-06-19 15:08:23,082:enviroment_setup.py:basic_env_set:INFO:non-vehicles.zip is already existinng.
2018-06-19 15:08:23,083:enviroment_setup.py:basic_env_set:INFO:udacity-annoations-crowdai is already existinng.
2018-06-19 15:08:23,085:enviroment_setup.py:basic_env_set:INFO:udacity-annotations-autti is already existinng.
2018-06-19 15:08:23,086:enviroment_setup.py:basic_env_set:INFO:File should be unpacked. Please check the directory
2018-06-19 15:08:23,087:enviroment_setup.py:basic_env_set:INFO:File should be unpacked. Please check the directory
2018-06-19 15:30:36,951:enviroment_setup.py:<module>:INFO:----------------------Start of enviroment setup-----------------------
2018-06-19 15:30:36,951:enviroment_setup.py:basic_env_set:INFO:Directory of ..\image_data_Udacity_CarND_P5 is already existing
2018-06-19 15:30:36,952:enviroment_setup.py:basic_env_set:INFO:vehicles.zip is already existinng.
2018-06-19 15:30:36,953:enviroment_setup.py:basic_env_set:INFO:non-vehicles.zip is already existinng.
2018-06-19 15:30:36,954:enviroment_setup.py:basic_env_set:INFO:udacity-annoations-crowdai is already existinng.
2018-06-19 15:30:36,955:enviroment_setup.py:basic_env_set:INFO:udacity-annotations-autti is already existinng.
2018-06-19 15:30:36,956:enviroment_setup.py:basic_env_set:INFO:File should be unpacked. Please check the directory
2018-06-19 15:30:36,957:enviroment_setup.py:basic_env_set:INFO:File should be unpacked. Please check the directory
2018-06-19 15:31:20,223:enviroment_setup.py:<module>:INFO:----------------------Start of enviroment setup-----------------------
2018-06-19 15:31:20,223:enviroment_setup.py:basic_env_set:INFO:Directory of ..\image_data_Udacity_CarND_P5 is already existing
2018-06-19 15:31:20,224:enviroment_setup.py:basic_env_set:INFO:vehicles.zip is already existinng.
2018-06-19 15:31:20,225:enviroment_setup.py:basic_env_set:INFO:non-vehicles.zip is already existinng.
2018-06-19 15:31:20,225:enviroment_setup.py:basic_env_set:INFO:udacity-annoations-crowdai is already existinng.
2018-06-19 15:31:20,226:enviroment_setup.py:basic_env_set:INFO:udacity-annotations-autti is already existinng.
2018-06-19 15:31:20,227:enviroment_setup.py:basic_env_set:INFO:File should be unpacked. Please check the directory
2018-06-19 15:31:20,228:enviroment_setup.py:basic_env_set:INFO:File should be unpacked. Please check the directory
2018-06-19 15:31:55,127:enviroment_setup.py:<module>:INFO:-----------------------End of enviroment setup------------------------
2018-06-19 15:44:01,952:enviroment_setup.py:<module>:INFO:----------------------Start of enviroment setup-----------------------
2018-06-19 15:44:01,953:enviroment_setup.py:basic_env_set:INFO:Directory of ..\image_data_Udacity_CarND_P5 is already existing
2018-06-19 15:44:01,953:enviroment_setup.py:basic_env_set:INFO:vehicles.zip is already existinng.
2018-06-19 15:44:01,954:enviroment_setup.py:basic_env_set:INFO:non-vehicles.zip is already existinng.
2018-06-19 15:44:01,955:enviroment_setup.py:basic_env_set:INFO:udacity-annoations-crowdai is already existinng.
2018-06-19 15:44:01,956:enviroment_setup.py:basic_env_set:INFO:udacity-annotations-autti is already existinng.
2018-06-19 15:44:01,956:enviroment_setup.py:basic_env_set:INFO:File should be unpacked. Please check the directory
2018-06-19 15:44:01,957:enviroment_setup.py:basic_env_set:INFO:File should be unpacked. Please check the directory
2018-06-19 17:12:38,990:enviroment_setup.py:odc_crop:DEBUG:None
2018-06-19 17:12:39,571:enviroment_setup.py:<module>:INFO:-----------------------End of enviroment setup------------------------
2018-06-20 22:58:47,383:enviroment_setup.py:<module>:INFO:----------------------Start of enviroment setup-----------------------
2018-06-20 22:58:47,419:enviroment_setup.py:basic_env_set:INFO:Directory of ..\image_data_Udacity_CarND_P5 is already existing
2018-06-20 22:58:47,420:enviroment_setup.py:basic_env_set:INFO:vehicles.zip is already existinng.
2018-06-20 22:58:47,421:enviroment_setup.py:basic_env_set:INFO:non-vehicles.zip is already existinng.
2018-06-20 22:58:47,422:enviroment_setup.py:basic_env_set:INFO:udacity-annoations-crowdai is already existinng.
2018-06-20 22:58:47,424:enviroment_setup.py:basic_env_set:INFO:udacity-annotations-autti is already existinng.
2018-06-20 22:58:47,425:enviroment_setup.py:basic_env_set:INFO:File should be unpacked. Please check the directory
2018-06-20 22:58:47,426:enviroment_setup.py:basic_env_set:INFO:File should be unpacked. Please check the directory
2018-06-20 22:58:47,427:enviroment_setup.py:basic_env_set:INFO:object-dataset file sorting was already done.
2018-06-20 22:58:47,428:enviroment_setup.py:basic_env_set:INFO:oject-dataset-crowdai file sorting was already done.
2018-06-20 22:58:47,428:enviroment_setup.py:<module>:INFO:-----------------------End of enviroment setup------------------------
2018-06-20 23:49:04,448:enviroment_setup.py:<module>:INFO:----------------------Start of enviroment setup-----------------------
2018-06-20 23:49:04,448:enviroment_setup.py:basic_env_set:INFO:Directory of ..\image_data_Udacity_CarND_P5 is already existing
2018-06-20 23:49:04,448:enviroment_setup.py:basic_env_set:INFO:vehicles.zip is already existinng.
2018-06-20 23:49:04,448:enviroment_setup.py:basic_env_set:INFO:non-vehicles.zip is already existinng.
2018-06-20 23:49:04,448:enviroment_setup.py:basic_env_set:INFO:udacity-annoations-crowdai is already existinng.
2018-06-20 23:49:04,464:enviroment_setup.py:basic_env_set:INFO:udacity-annotations-autti is already existinng.
2018-06-20 23:49:04,464:enviroment_setup.py:basic_env_set:INFO:File should be unpacked. Please check the directory
2018-06-20 23:49:04,464:enviroment_setup.py:basic_env_set:INFO:File should be unpacked. Please check the directory
2018-06-20 23:49:04,464:enviroment_setup.py:basic_env_set:INFO:object-dataset file sorting was already done.
2018-06-20 23:49:09,551:enviroment_setup.py:<module>:INFO:-----------------------End of enviroment setup------------------------
2018-06-20 23:49:52,407:enviroment_setup.py:<module>:INFO:----------------------Start of enviroment setup-----------------------
2018-06-20 23:49:52,407:enviroment_setup.py:basic_env_set:INFO:Directory of ..\image_data_Udacity_CarND_P5 is already existing
2018-06-20 23:49:52,407:enviroment_setup.py:basic_env_set:INFO:vehicles.zip is already existinng.
2018-06-20 23:49:52,407:enviroment_setup.py:basic_env_set:INFO:non-vehicles.zip is already existinng.
2018-06-20 23:49:52,407:enviroment_setup.py:basic_env_set:INFO:udacity-annoations-crowdai is already existinng.
2018-06-20 23:49:52,407:enviroment_setup.py:basic_env_set:INFO:udacity-annotations-autti is already existinng.
2018-06-20 23:49:52,407:enviroment_setup.py:basic_env_set:INFO:File should be unpacked. Please check the directory
2018-06-20 23:49:52,407:enviroment_setup.py:basic_env_set:INFO:File should be unpacked. Please check the directory
2018-06-20 23:49:52,407:enviroment_setup.py:basic_env_set:INFO:object-dataset file sorting was already done.
2018-06-20 23:50:00,011:enviroment_setup.py:<module>:INFO:-----------------------End of enviroment setup------------------------
2018-06-20 23:50:44,440:enviroment_setup.py:<module>:INFO:----------------------Start of enviroment setup-----------------------
2018-06-20 23:50:44,440:enviroment_setup.py:basic_env_set:INFO:Directory of ..\image_data_Udacity_CarND_P5 is already existing
2018-06-20 23:50:44,440:enviroment_setup.py:basic_env_set:INFO:vehicles.zip is already existinng.
2018-06-20 23:50:44,440:enviroment_setup.py:basic_env_set:INFO:non-vehicles.zip is already existinng.
2018-06-20 23:50:44,440:enviroment_setup.py:basic_env_set:INFO:udacity-annoations-crowdai is already existinng.
2018-06-20 23:50:44,440:enviroment_setup.py:basic_env_set:INFO:udacity-annotations-autti is already existinng.
2018-06-20 23:50:44,440:enviroment_setup.py:basic_env_set:INFO:File should be unpacked. Please check the directory
2018-06-20 23:50:44,456:enviroment_setup.py:basic_env_set:INFO:File should be unpacked. Please check the directory
2018-06-20 23:50:44,456:enviroment_setup.py:basic_env_set:INFO:object-dataset file sorting was already done.
2018-06-20 23:50:50,777:enviroment_setup.py:<module>:INFO:-----------------------End of enviroment setup------------------------
2018-06-20 23:52:14,840:enviroment_setup.py:<module>:INFO:----------------------Start of enviroment setup-----------------------
2018-06-20 23:52:14,840:enviroment_setup.py:basic_env_set:INFO:Directory of ..\image_data_Udacity_CarND_P5 is already existing
2018-06-20 23:52:14,840:enviroment_setup.py:basic_env_set:INFO:vehicles.zip is already existinng.
2018-06-20 23:52:14,840:enviroment_setup.py:basic_env_set:INFO:non-vehicles.zip is already existinng.
2018-06-20 23:52:14,840:enviroment_setup.py:basic_env_set:INFO:udacity-annoations-crowdai is already existinng.
2018-06-20 23:52:14,840:enviroment_setup.py:basic_env_set:INFO:udacity-annotations-autti is already existinng.
2018-06-20 23:52:14,855:enviroment_setup.py:basic_env_set:INFO:File should be unpacked. Please check the directory
2018-06-20 23:52:14,855:enviroment_setup.py:basic_env_set:INFO:File should be unpacked. Please check the directory
2018-06-20 23:52:14,855:enviroment_setup.py:basic_env_set:INFO:object-dataset file sorting was already done.
2018-06-20 23:54:05,941:enviroment_setup.py:<module>:INFO:----------------------Start of enviroment setup-----------------------
2018-06-20 23:54:05,941:enviroment_setup.py:basic_env_set:INFO:Directory of ..\image_data_Udacity_CarND_P5 is already existing
2018-06-20 23:54:05,957:enviroment_setup.py:basic_env_set:INFO:vehicles.zip is already existinng.
2018-06-20 23:54:05,957:enviroment_setup.py:basic_env_set:INFO:non-vehicles.zip is already existinng.
2018-06-20 23:54:05,957:enviroment_setup.py:basic_env_set:INFO:udacity-annoations-crowdai is already existinng.
2018-06-20 23:54:05,957:enviroment_setup.py:basic_env_set:INFO:udacity-annotations-autti is already existinng.
2018-06-20 23:54:05,957:enviroment_setup.py:basic_env_set:INFO:File should be unpacked. Please check the directory
2018-06-20 23:54:05,957:enviroment_setup.py:basic_env_set:INFO:File should be unpacked. Please check the directory
2018-06-20 23:54:05,957:enviroment_setup.py:basic_env_set:INFO:object-dataset file sorting was already done.
2018-06-20 23:54:15,846:enviroment_setup.py:<module>:INFO:-----------------------End of enviroment setup------------------------
2018-06-20 23:54:56,618:enviroment_setup.py:<module>:INFO:----------------------Start of enviroment setup-----------------------
2018-06-20 23:54:56,634:enviroment_setup.py:basic_env_set:INFO:Directory of ..\image_data_Udacity_CarND_P5 is already existing
2018-06-20 23:54:56,634:enviroment_setup.py:basic_env_set:INFO:vehicles.zip is already existinng.
2018-06-20 23:54:56,634:enviroment_setup.py:basic_env_set:INFO:non-vehicles.zip is already existinng.
2018-06-20 23:54:56,634:enviroment_setup.py:basic_env_set:INFO:udacity-annoations-crowdai is already existinng.
2018-06-20 23:54:56,634:enviroment_setup.py:basic_env_set:INFO:udacity-annotations-autti is already existinng.
2018-06-20 23:54:56,634:enviroment_setup.py:basic_env_set:INFO:File should be unpacked. Please check the directory
2018-06-20 23:54:56,634:enviroment_setup.py:basic_env_set:INFO:File should be unpacked. Please check the directory
2018-06-20 23:54:56,634:enviroment_setup.py:basic_env_set:INFO:object-dataset file sorting was already done.
2018-06-20 23:54:56,634:enviroment_setup.py:basic_env_set:INFO:oject-dataset-crowdai file sorting was already done.
2018-06-20 23:54:56,650:enviroment_setup.py:<module>:INFO:-----------------------End of enviroment setup------------------------
2018-06-20 23:55:05,038:enviroment_setup.py:<module>:INFO:----------------------Start of enviroment setup-----------------------
2018-06-20 23:55:05,038:enviroment_setup.py:basic_env_set:INFO:Directory of ..\image_data_Udacity_CarND_P5 is already existing
2018-06-20 23:55:05,038:enviroment_setup.py:basic_env_set:INFO:vehicles.zip is already existinng.
2018-06-20 23:55:05,038:enviroment_setup.py:basic_env_set:INFO:non-vehicles.zip is already existinng.
2018-06-20 23:55:05,038:enviroment_setup.py:basic_env_set:INFO:udacity-annoations-crowdai is already existinng.
2018-06-20 23:55:05,038:enviroment_setup.py:basic_env_set:INFO:udacity-annotations-autti is already existinng.
2018-06-20 23:55:05,038:enviroment_setup.py:basic_env_set:INFO:File should be unpacked. Please check the directory
2018-06-20 23:55:05,038:enviroment_setup.py:basic_env_set:INFO:File should be unpacked. Please check the directory
2018-06-20 23:55:05,038:enviroment_setup.py:basic_env_set:INFO:object-dataset file sorting was already done.
2018-06-20 23:55:11,247:enviroment_setup.py:<module>:INFO:-----------------------End of enviroment setup------------------------
2018-06-20 23:57:15,502:enviroment_setup.py:<module>:INFO:----------------------Start of enviroment setup-----------------------
2018-06-20 23:57:15,502:enviroment_setup.py:basic_env_set:INFO:Directory of ..\image_data_Udacity_CarND_P5 is already existing
2018-06-20 23:57:15,502:enviroment_setup.py:basic_env_set:INFO:vehicles.zip is already existinng.
2018-06-20 23:57:15,502:enviroment_setup.py:basic_env_set:INFO:non-vehicles.zip is already existinng.
2018-06-20 23:57:15,502:enviroment_setup.py:basic_env_set:INFO:udacity-annoations-crowdai is already existinng.
2018-06-20 23:57:15,502:enviroment_setup.py:basic_env_set:INFO:udacity-annotations-autti is already existinng.
2018-06-20 23:57:15,502:enviroment_setup.py:basic_env_set:INFO:File should be unpacked. Please check the directory
2018-06-20 23:57:15,502:enviroment_setup.py:basic_env_set:INFO:File should be unpacked. Please check the directory
2018-06-20 23:57:15,502:enviroment_setup.py:basic_env_set:INFO:object-dataset file sorting was already done.
2018-06-20 23:57:53,096:enviroment_setup.py:<module>:INFO:----------------------Start of enviroment setup-----------------------
2018-06-20 23:57:53,096:enviroment_setup.py:basic_env_set:INFO:Directory of ..\image_data_Udacity_CarND_P5 is already existing
2018-06-20 23:57:53,111:enviroment_setup.py:basic_env_set:INFO:vehicles.zip is already existinng.
2018-06-20 23:57:53,111:enviroment_setup.py:basic_env_set:INFO:non-vehicles.zip is already existinng.
2018-06-20 23:57:53,111:enviroment_setup.py:basic_env_set:INFO:udacity-annoations-crowdai is already existinng.
2018-06-20 23:57:53,111:enviroment_setup.py:basic_env_set:INFO:udacity-annotations-autti is already existinng.
2018-06-20 23:57:53,111:enviroment_setup.py:basic_env_set:INFO:File should be unpacked. Please check the directory
2018-06-20 23:57:53,111:enviroment_setup.py:basic_env_set:INFO:File should be unpacked. Please check the directory
2018-06-20 23:57:53,111:enviroment_setup.py:basic_env_set:INFO:object-dataset file sorting was already done.
2018-06-21 00:05:30,774:enviroment_setup.py:<module>:INFO:----------------------Start of enviroment setup-----------------------
2018-06-21 00:05:30,774:enviroment_setup.py:basic_env_set:INFO:Directory of ..\image_data_Udacity_CarND_P5 is already existing
2018-06-21 00:05:30,774:enviroment_setup.py:basic_env_set:INFO:vehicles.zip is already existinng.
2018-06-21 00:05:30,774:enviroment_setup.py:basic_env_set:INFO:non-vehicles.zip is already existinng.
2018-06-21 00:05:30,774:enviroment_setup.py:basic_env_set:INFO:udacity-annoations-crowdai is already existinng.
2018-06-21 00:05:30,774:enviroment_setup.py:basic_env_set:INFO:udacity-annotations-autti is already existinng.
2018-06-21 00:05:30,774:enviroment_setup.py:basic_env_set:INFO:File should be unpacked. Please check the directory
2018-06-21 00:05:30,774:enviroment_setup.py:basic_env_set:INFO:File should be unpacked. Please check the directory
2018-06-21 00:05:30,774:enviroment_setup.py:basic_env_set:INFO:object-dataset file sorting was already done.
2018-06-21 00:08:53,768:enviroment_setup.py:odc_crop:DEBUG:None
2018-06-21 00:08:54,216:enviroment_setup.py:<module>:INFO:-----------------------End of enviroment setup------------------------
2018-06-21 10:11:41,145:enviroment_setup.py:<module>:INFO:----------------------Start of enviroment setup-----------------------
2018-06-21 10:11:41,175:enviroment_setup.py:basic_env_set:INFO:Directory of ..\image_data_Udacity_CarND_P5 is already existing
2018-06-21 10:11:41,176:enviroment_setup.py:basic_env_set:INFO:vehicles.zip is already existinng.
2018-06-21 10:11:41,177:enviroment_setup.py:basic_env_set:INFO:non-vehicles.zip is already existinng.
2018-06-21 10:11:41,178:enviroment_setup.py:basic_env_set:INFO:udacity-annoations-crowdai is already existinng.
2018-06-21 10:11:41,178:enviroment_setup.py:basic_env_set:INFO:udacity-annotations-autti is already existinng.
2018-06-21 10:11:41,179:enviroment_setup.py:basic_env_set:INFO:File should be unpacked. Please check the directory
2018-06-21 10:11:41,180:enviroment_setup.py:basic_env_set:INFO:File should be unpacked. Please check the directory
2018-06-21 10:11:41,180:enviroment_setup.py:basic_env_set:INFO:object-dataset file sorting was already done.
2018-06-21 10:12:33,137:enviroment_setup.py:<module>:INFO:----------------------Start of enviroment setup-----------------------
2018-06-21 10:12:33,138:enviroment_setup.py:basic_env_set:INFO:Directory of ..\image_data_Udacity_CarND_P5 is already existing
2018-06-21 10:12:33,139:enviroment_setup.py:basic_env_set:INFO:vehicles.zip is already existinng.
2018-06-21 10:12:33,139:enviroment_setup.py:basic_env_set:INFO:non-vehicles.zip is already existinng.
2018-06-21 10:12:33,140:enviroment_setup.py:basic_env_set:INFO:udacity-annoations-crowdai is already existinng.
2018-06-21 10:12:33,141:enviroment_setup.py:basic_env_set:INFO:udacity-annotations-autti is already existinng.
2018-06-21 10:12:33,141:enviroment_setup.py:basic_env_set:INFO:File should be unpacked. Please check the directory
2018-06-21 10:12:33,142:enviroment_setup.py:basic_env_set:INFO:File should be unpacked. Please check the directory
2018-06-21 10:12:33,143:enviroment_setup.py:basic_env_set:INFO:object-dataset file sorting was already done.
2018-06-21 11:23:54,517:enviroment_setup.py:<module>:INFO:-----------------------End of enviroment setup------------------------
2018-06-21 11:57:56,402:enviroment_setup.py:<module>:INFO:----------------------Start of enviroment setup-----------------------
2018-06-21 11:57:56,403:enviroment_setup.py:basic_env_set:INFO:Directory of ..\image_data_Udacity_CarND_P5 is already existing
2018-06-21 11:57:56,508:enviroment_setup.py:basic_env_set:INFO:vehicles.zip is already existinng.
2018-06-21 11:57:56,609:enviroment_setup.py:basic_env_set:INFO:non-vehicles.zip is already existinng.
2018-06-21 11:57:56,701:enviroment_setup.py:basic_env_set:INFO:udacity-annoations-crowdai is already existinng.
2018-06-21 11:57:56,915:enviroment_setup.py:basic_env_set:INFO:udacity-annotations-autti is already existinng.
2018-06-21 11:57:56,916:enviroment_setup.py:basic_env_set:INFO:File should be unpacked. Please check the directory
2018-06-21 11:57:56,916:enviroment_setup.py:basic_env_set:INFO:File should be unpacked. Please check the directory
2018-06-21 11:57:56,917:enviroment_setup.py:basic_env_set:INFO:object-dataset file sorting was already done.
2018-06-21 11:57:56,918:enviroment_setup.py:basic_env_set:INFO:oject-dataset-crowdai file sorting was already done.
2018-06-21 11:57:56,918:enviroment_setup.py:<module>:INFO:-----------------------End of enviroment setup------------------------
2018-06-29 23:16:16,042:enviroment_setup.py:<module>:INFO:----------------------Start of enviroment setup-----------------------
2018-06-29 23:16:16,043:enviroment_setup.py:<module>:INFO:-----------------------End of enviroment setup------------------------
2018-06-29 23:18:00,249:enviroment_setup.py:<module>:INFO:----------------------Start of enviroment setup-----------------------
2018-07-02 05:10:06,873:enviroment_setup.py:<module>:INFO:----------------------Start of enviroment setup-----------------------
2018-07-02 05:10:06,874:enviroment_setup.py:basic_env_set:INFO:Directory of ../image_data_Udacity_CarND_P5 is already existing
2018-07-02 05:10:06,874:enviroment_setup.py:basic_env_set:INFO:vehicles.zip is already existinng.
2018-07-02 05:10:06,874:enviroment_setup.py:basic_env_set:INFO:non-vehicles.zip is already existinng.
2018-07-02 05:10:06,874:enviroment_setup.py:basic_env_set:INFO:udacity-annoations-crowdai is already existinng.
2018-07-02 05:10:06,874:enviroment_setup.py:basic_env_set:INFO:udacity-annotations-autti is already existinng.
2018-07-02 05:10:13,387:enviroment_setup.py:basic_env_set:INFO:vehicles.zip was unziped.
2018-07-02 05:10:13,387:enviroment_setup.py:<module>:INFO:-----------------------End of enviroment setup------------------------
2018-07-02 05:13:14,484:enviroment_setup.py:<module>:INFO:----------------------Start of enviroment setup-----------------------
2018-07-02 05:13:14,484:enviroment_setup.py:basic_env_set:INFO:Directory of ../image_data_Udacity_CarND_P5 is already existing
2018-07-02 05:13:14,484:enviroment_setup.py:basic_env_set:INFO:vehicles.zip is already existinng.
2018-07-02 05:13:14,484:enviroment_setup.py:basic_env_set:INFO:non-vehicles.zip is already existinng.
2018-07-02 05:13:14,484:enviroment_setup.py:basic_env_set:INFO:udacity-annoations-crowdai is already existinng.
2018-07-02 05:13:14,484:enviroment_setup.py:basic_env_set:INFO:udacity-annotations-autti is already existinng.
2018-07-02 05:13:16,486:enviroment_setup.py:basic_env_set:INFO:vehicles.zip was unziped.
2018-07-02 05:13:16,486:enviroment_setup.py:<module>:INFO:-----------------------End of enviroment setup------------------------
2018-07-02 05:14:35,133:enviroment_setup.py:<module>:INFO:----------------------Start of enviroment setup-----------------------
2018-07-02 05:14:35,133:enviroment_setup.py:basic_env_set:INFO:Directory of ../image_data_Udacity_CarND_P5 is already existing
2018-07-02 05:14:35,133:enviroment_setup.py:basic_env_set:INFO:vehicles.zip is already existinng.
2018-07-02 05:14:35,133:enviroment_setup.py:basic_env_set:INFO:non-vehicles.zip is already existinng.
2018-07-02 05:14:35,133:enviroment_setup.py:basic_env_set:INFO:udacity-annoations-crowdai is already existinng.
2018-07-02 05:14:35,134:enviroment_setup.py:basic_env_set:INFO:udacity-annotations-autti is already existinng.
2018-07-02 05:14:36,776:enviroment_setup.py:basic_env_set:INFO:vehicles.zip was unziped.
2018-07-02 05:14:36,776:enviroment_setup.py:<module>:INFO:-----------------------End of enviroment setup------------------------
2018-07-02 05:14:59,502:enviroment_setup.py:<module>:INFO:----------------------Start of enviroment setup-----------------------
2018-07-02 05:14:59,502:enviroment_setup.py:basic_env_set:INFO:Directory of ../image_data_Udacity_CarND_P5 is already existing
2018-07-02 05:14:59,502:enviroment_setup.py:basic_env_set:INFO:vehicles.zip is already existinng.
2018-07-02 05:14:59,502:enviroment_setup.py:basic_env_set:INFO:non-vehicles.zip is already existinng.
2018-07-02 05:14:59,502:enviroment_setup.py:basic_env_set:INFO:udacity-annoations-crowdai is already existinng.
2018-07-02 05:14:59,503:enviroment_setup.py:basic_env_set:INFO:udacity-annotations-autti is already existinng.
2018-07-02 05:15:01,134:enviroment_setup.py:basic_env_set:INFO:vehicles.zip was unziped.
2018-07-02 05:15:01,134:enviroment_setup.py:<module>:INFO:-----------------------End of enviroment setup------------------------
2018-07-02 05:15:21,059:enviroment_setup.py:<module>:INFO:----------------------Start of enviroment setup-----------------------
2018-07-02 05:15:21,059:enviroment_setup.py:basic_env_set:INFO:Directory of ../image_data_Udacity_CarND_P5 is already existing
2018-07-02 05:15:21,060:enviroment_setup.py:basic_env_set:INFO:vehicles.zip is already existinng.
2018-07-02 05:15:21,060:enviroment_setup.py:basic_env_set:INFO:non-vehicles.zip is already existinng.
2018-07-02 05:15:21,060:enviroment_setup.py:basic_env_set:INFO:udacity-annoations-crowdai is already existinng.
2018-07-02 05:15:21,060:enviroment_setup.py:basic_env_set:INFO:udacity-annotations-autti is already existinng.
2018-07-02 05:15:22,789:enviroment_setup.py:basic_env_set:INFO:vehicles.zip was unziped.
2018-07-02 05:15:24,211:enviroment_setup.py:basic_env_set:INFO:non-vehicles.zip was unziped.
2018-07-02 05:15:24,211:enviroment_setup.py:<module>:INFO:-----------------------End of enviroment setup------------------------
2018-07-02 07:11:28,276:enviroment_setup.py:<module>:INFO:----------------------Start of enviroment setup-----------------------
2018-07-02 07:11:28,276:enviroment_setup.py:basic_env_set:INFO:Directory of ../image_data_Udacity_CarND_P5 is already existing
2018-07-02 07:11:28,277:enviroment_setup.py:basic_env_set:INFO:vehicles.zip is already existinng.
2018-07-02 07:11:28,277:enviroment_setup.py:basic_env_set:INFO:non-vehicles.zip is already existinng.
2018-07-02 07:11:28,277:enviroment_setup.py:basic_env_set:INFO:udacity-annoations-crowdai is already existinng.
2018-07-02 07:11:28,277:enviroment_setup.py:basic_env_set:INFO:udacity-annotations-autti is already existinng.
2018-07-02 07:11:28,277:enviroment_setup.py:basic_env_set:INFO:File should be unpacked. Please check the directory
2018-07-02 07:11:28,277:enviroment_setup.py:basic_env_set:INFO:File should be unpacked. Please check the directory
2018-07-02 07:11:28,277:enviroment_setup.py:<module>:INFO:-----------------------End of enviroment setup------------------------
2018-07-02 07:13:44,797:enviroment_setup.py:<module>:INFO:----------------------Start of enviroment setup-----------------------
2018-07-02 07:13:44,797:enviroment_setup.py:basic_env_set:INFO:Directory of ../image_data_Udacity_CarND_P5 is already existing
2018-07-02 07:13:44,797:enviroment_setup.py:basic_env_set:INFO:vehicles.zip is already existinng.
2018-07-02 07:13:44,797:enviroment_setup.py:basic_env_set:INFO:non-vehicles.zip is already existinng.
2018-07-02 07:13:44,797:enviroment_setup.py:basic_env_set:INFO:udacity-annoations-crowdai is already existinng.
2018-07-02 07:13:44,797:enviroment_setup.py:basic_env_set:INFO:udacity-annotations-autti is already existinng.
2018-07-02 07:13:44,797:enviroment_setup.py:basic_env_set:INFO:File should be unpacked. Please check the directory
2018-07-02 07:13:44,797:enviroment_setup.py:basic_env_set:INFO:File should be unpacked. Please check the directory
2018-07-02 07:13:44,798:enviroment_setup.py:<module>:INFO:-----------------------End of enviroment setup------------------------
2018-07-16 23:04:31,184:enviroment_setup.py:<module>:INFO:----------------------Start of enviroment setup-----------------------
2018-07-16 23:04:31,184:enviroment_setup.py:basic_env_set:INFO:Directory of ..\image_data_Udacity_CarND_P5 is already existing
2018-07-16 23:04:31,200:enviroment_setup.py:basic_env_set:INFO:vehicles.zip is already existinng.
2018-07-16 23:04:31,216:enviroment_setup.py:basic_env_set:INFO:non-vehicles.zip is already existinng.
2018-07-16 23:04:31,216:enviroment_setup.py:basic_env_set:INFO:udacity-annoations-crowdai is already existinng.
2018-07-16 23:04:31,263:enviroment_setup.py:basic_env_set:INFO:udacity-annotations-autti is already existinng.
2018-07-16 23:04:31,263:enviroment_setup.py:basic_env_set:INFO:File should be unpacked. Please check the directory
2018-07-16 23:04:31,263:enviroment_setup.py:basic_env_set:INFO:File should be unpacked. Please check the directory
2018-07-16 23:06:05,643:enviroment_setup.py:<module>:INFO:----------------------Start of enviroment setup-----------------------
2018-07-16 23:06:05,643:enviroment_setup.py:basic_env_set:INFO:Directory of ..\image_data_Udacity_CarND_P5 is already existing
2018-07-16 23:06:05,643:enviroment_setup.py:basic_env_set:INFO:vehicles.zip is already existinng.
2018-07-16 23:06:05,643:enviroment_setup.py:basic_env_set:INFO:non-vehicles.zip is already existinng.
2018-07-16 23:06:05,658:enviroment_setup.py:basic_env_set:INFO:udacity-annoations-crowdai is already existinng.
2018-07-16 23:06:05,658:enviroment_setup.py:basic_env_set:INFO:udacity-annotations-autti is already existinng.
2018-07-16 23:06:05,658:enviroment_setup.py:basic_env_set:INFO:File should be unpacked. Please check the directory
2018-07-16 23:06:05,658:enviroment_setup.py:basic_env_set:INFO:File should be unpacked. Please check the directory
2018-07-16 23:06:11,042:enviroment_setup.py:<module>:INFO:-----------------------End of enviroment setup------------------------
