/usr/local/lib/python3.5/dist-packages/sklearn/cross_validation.py:41: DeprecationWarning: This module was deprecated in version 0.18 in favor of the model_selection module into which all the refactored classes and functions are moved. Also note that the interface of the new CV iterators are different from that of this module. This module will be removed in 0.20.
  "This module will be removed in 0.20.", DeprecationWarning)
/usr/local/lib/python3.5/dist-packages/sklearn/grid_search.py:42: DeprecationWarning: This module was deprecated in version 0.18 in favor of the model_selection module into which all the refactored classes and functions are moved. This module will be removed in 0.20.
  DeprecationWarning)
/usr/local/lib/python3.5/dist-packages/skimage/feature/_hog.py:150: skimage_deprecation: Default value of `block_norm`==`L1` is deprecated and will be changed to `L2-Hys` in v0.15. To supress this message specify explicitly the normalization method.
  skimage_deprecation)
/usr/local/lib/python3.5/dist-packages/skimage/feature/_hog.py:248: skimage_deprecation: Argument `visualise` is deprecated and will be changed to `visualize` in v0.16
  'be changed to `visualize` in v0.16', skimage_deprecation)
Number of cars:8792, Number of non-cars: 8968
extraction was done 0 / 6000
extraction was done 600 / 6000
extraction was done 1200 / 6000
extraction was done 1800 / 6000
extraction was done 2400 / 6000
extraction was done 3000 / 6000
extraction was done 3600 / 6000
extraction was done 4200 / 6000
extraction was done 4800 / 6000
extraction was done 5400 / 6000
extraction was done 0 / 6000
extraction was done 600 / 6000
extraction was done 1200 / 6000
extraction was done 1800 / 6000
extraction was done 2400 / 6000
extraction was done 3000 / 6000
extraction was done 3600 / 6000
extraction was done 4200 / 6000
extraction was done 4800 / 6000
extraction was done 5400 / 6000
3829.85 Seconds to train SVC...
Test Accuracy of SVC =  0.9912
