extraction was done 0 / 1000
extraction was done 100 / 1000
extraction was done 200 / 1000
extraction was done 300 / 1000
extraction was done 400 / 1000
extraction was done 500 / 1000
extraction was done 600 / 1000
extraction was done 700 / 1000
extraction was done 800 / 1000
extraction was done 900 / 1000
extraction was done 0 / 1000
extraction was done 100 / 1000
extraction was done 200 / 1000
extraction was done 300 / 1000
extraction was done 400 / 1000
extraction was done 500 / 1000
extraction was done 600 / 1000
extraction was done 700 / 1000
extraction was done 800 / 1000
extraction was done 900 / 1000
112.36 Seconds to train SVC...
Test Accuracy of SVC =  0.9625
extraction was done 0 / 1000
extraction was done 100 / 1000
extraction was done 200 / 1000
extraction was done 300 / 1000
extraction was done 400 / 1000
extraction was done 500 / 1000
extraction was done 600 / 1000
extraction was done 700 / 1000
extraction was done 800 / 1000
extraction was done 900 / 1000
extraction was done 0 / 1000
extraction was done 100 / 1000
extraction was done 200 / 1000
extraction was done 300 / 1000
extraction was done 400 / 1000
extraction was done 500 / 1000
extraction was done 600 / 1000
extraction was done 700 / 1000
extraction was done 800 / 1000
extraction was done 900 / 1000
102.62 Seconds to train SVC...
Test Accuracy of SVC =  0.9625
extraction was done 0 / 1000
extraction was done 100 / 1000
extraction was done 200 / 1000
extraction was done 300 / 1000
extraction was done 400 / 1000
extraction was done 500 / 1000
extraction was done 600 / 1000
extraction was done 700 / 1000
extraction was done 800 / 1000
extraction was done 900 / 1000
extraction was done 0 / 1000
extraction was done 100 / 1000
extraction was done 200 / 1000
extraction was done 300 / 1000
extraction was done 400 / 1000
extraction was done 500 / 1000
extraction was done 600 / 1000
extraction was done 700 / 1000
extraction was done 800 / 1000
extraction was done 900 / 1000
85.25 Seconds to train SVC...
Test Accuracy of SVC =  0.9525
extraction was done 0 / 1000
extraction was done 100 / 1000
extraction was done 200 / 1000
extraction was done 300 / 1000
extraction was done 400 / 1000
extraction was done 500 / 1000
extraction was done 600 / 1000
extraction was done 700 / 1000
extraction was done 800 / 1000
extraction was done 900 / 1000
extraction was done 0 / 1000
extraction was done 100 / 1000
extraction was done 200 / 1000
extraction was done 300 / 1000
extraction was done 400 / 1000
extraction was done 500 / 1000
extraction was done 600 / 1000
extraction was done 700 / 1000
extraction was done 800 / 1000
extraction was done 900 / 1000
138.3 Seconds to train SVC...
Test Accuracy of SVC =  0.9875
extraction was done 0 / 1000
extraction was done 100 / 1000
extraction was done 200 / 1000
extraction was done 300 / 1000
extraction was done 400 / 1000
extraction was done 500 / 1000
extraction was done 600 / 1000
extraction was done 700 / 1000
extraction was done 800 / 1000
extraction was done 900 / 1000
extraction was done 0 / 1000
extraction was done 100 / 1000
extraction was done 200 / 1000
extraction was done 300 / 1000
extraction was done 400 / 1000
extraction was done 500 / 1000
extraction was done 600 / 1000
extraction was done 700 / 1000
extraction was done 800 / 1000
extraction was done 900 / 1000
127.91 Seconds to train SVC...
Test Accuracy of SVC =  0.995
extraction was done 0 / 1000
extraction was done 100 / 1000
extraction was done 200 / 1000
extraction was done 300 / 1000
extraction was done 400 / 1000
extraction was done 500 / 1000
extraction was done 600 / 1000
extraction was done 700 / 1000
extraction was done 800 / 1000
extraction was done 900 / 1000
extraction was done 0 / 1000
extraction was done 100 / 1000
extraction was done 200 / 1000
extraction was done 300 / 1000
extraction was done 400 / 1000
extraction was done 500 / 1000
extraction was done 600 / 1000
extraction was done 700 / 1000
extraction was done 800 / 1000
extraction was done 900 / 1000
81.44 Seconds to train SVC...
Test Accuracy of SVC =  0.9675
extraction was done 0 / 2826
extraction was done 0 / 6000
extraction was done 600 / 6000
extraction was done 1200 / 6000
extraction was done 1800 / 6000
extraction was done 2400 / 6000
extraction was done 3000 / 6000
extraction was done 3600 / 6000
extraction was done 4200 / 6000
extraction was done 4800 / 6000
extraction was done 5400 / 6000
1196.4 Seconds to train SVC...
Test Accuracy of SVC =  0.979
0 / 1259
thread_mean: 1.5
8
1 / 1259
thread_mean: 3.0
8
2 / 1259
thread_mean: 3.3447432762836184
8
3 / 1259
thread_mean: 4.336551724137931
8
OK_max: 11
4 / 1259
thread_mean: 4.252836304700162
8
OK_max: 11
OK_max: 10
5 / 1259
thread_mean: 4.317703349282297
8
OK_max: 11
6 / 1259
thread_mean: 4.984780662488809
8
OK_max: 15
7 / 1259
thread_mean: 5.614775725593668
8
OK_max: 16
OK_max: 13
8 / 1259
thread_mean: 5.456589631480325
8
OK_max: 18
OK_max: 12
9 / 1259
thread_mean: 5.825436408977556
8
OK_max: 20
NOK_max: 11
OK_max: 12
10 / 1259
thread_mean: 6.005106382978723
8
NOK_max: 12
OK_max: 15
NOK_max: 10
11 / 1259
thread_mean: 5.966533864541832
8
NOK_max: 11
OK_max: 15
12 / 1259
thread_mean: 5.096018735362998
8
OK_max: 11
OK_max: 14
13 / 1259
thread_mean: 4.066411238825031
8
OK_max: 14
14 / 1259
thread_mean: 4.494553793235238
8
OK_max: 15
15 / 1259
thread_mean: 4.007653504957384
8
OK_max: 13
16 / 1259
thread_mean: 3.8809418036428256
8
OK_max: 10
17 / 1259
thread_mean: 6.161100196463654
8
OK_max: 17
18 / 1259
thread_mean: 4.755963302752294
8
OK_max: 13
OK_max: 10
OK_max: 10
19 / 1259
thread_mean: 5.158335168465095
8
OK_max: 13
NOK_max: 9
20 / 1259
thread_mean: 4.155143338954469
8
OK_max: 10
21 / 1259
thread_mean: 3.61025641025641
8
22 / 1259
thread_mean: 4.314329738058552
8
23 / 1259
thread_mean: 4.257036643653744
8
24 / 1259
thread_mean: 3.654427645788337
8
OK_max: 9
25 / 1259
thread_mean: 3.859169732002102
8
26 / 1259
thread_mean: 3.7923933599495694
8
27 / 1259
thread_mean: 3.6248766041461007
8
28 / 1259
thread_mean: 3.2848806366047745
8
29 / 1259
thread_mean: 2.3366336633663365
8
30 / 1259
thread_mean: 1.5
8
31 / 1259
thread_mean: 2.561797752808989
8
32 / 1259
thread_mean: 3.1894439208294063
8
33 / 1259
thread_mean: 3.6331877729257647
8
34 / 1259
thread_mean: 6.286806883365201
8
OK_max: 16
NOK_max: 11
35 / 1259
thread_mean: 6.503355704697986
8
OK_max: 23
36 / 1259
thread_mean: 7.608391608391608
8
OK_max: 20
37 / 1259
thread_mean: 6.1641168289290675
8
OK_max: 21
38 / 1259
thread_mean: 5.627450980392156
8
OK_max: 17
39 / 1259
thread_mean: 7.1015467383994615
8
OK_max: 16
40 / 1259
thread_mean: 7.577364794320317
8
OK_max: 17
NOK_max: 10
41 / 1259
thread_mean: 6.202957261494834
8
OK_max: 16
NOK_max: 9
42 / 1259
thread_mean: 4.961743096022295
8
NOK_max: 9
43 / 1259
thread_mean: 3.889025288485146
8
44 / 1259
thread_mean: 4.812868632707774
8
45 / 1259
thread_mean: 4.751987689151065
8
OK_max: 11
OK_max: 10
46 / 1259
thread_mean: 4.468741542625169
8
OK_max: 10
47 / 1259
thread_mean: 3.377777777777778
8
48 / 1259
thread_mean: 2.6842105263157894
8
49 / 1259
thread_mean: 3.0853994490358128
8
OK_max: 9
50 / 1259
thread_mean: 3.6554021894336026
8
OK_max: 9
51 / 1259
thread_mean: 4.451799114873966
8
52 / 1259
thread_mean: 4.085503303536727
8
53 / 1259
thread_mean: 3.5314617618586643
8
54 / 1259
thread_mean: 3.6158192090395476
8
55 / 1259
thread_mean: 3.4889058913542463
8
56 / 1259
thread_mean: 3.0114272910598254
8
57 / 1259
thread_mean: 4.160932944606414
8
OK_max: 12
58 / 1259
thread_mean: 5.270588235294118
8
OK_max: 15
59 / 1259
thread_mean: 3.6952686447473937
8
60 / 1259
thread_mean: 1.9018460153084198
8
61 / 1259
thread_mean: 2.1152542372881356
8
62 / 1259
thread_mean: 2.360655737704918
8
63 / 1259
thread_mean: 1.749640287769784
8
64 / 1259
thread_mean: 2.6658251814452507
8
65 / 1259
thread_mean: 3.052369077306733
8
66 / 1259
thread_mean: 4.5933014354066986
8
67 / 1259
thread_mean: 4.470588235294118
8
68 / 1259
thread_mean: 4.729203539823009
8
69 / 1259
thread_mean: 4.680799515445185
8
OK_max: 10
70 / 1259
thread_mean: 4.489977728285078
8
OK_max: 10
71 / 1259
thread_mean: 5.682468021068473
8
NOK_max: 11
NOK_max: 9
72 / 1259
thread_mean: 6.677192233838276
8
OK_max: 16
73 / 1259
thread_mean: 6.522530936259631
8
OK_max: 18
74 / 1259
thread_mean: 8.777642770352369
8.777642770352369
OK_max: 19
75 / 1259
thread_mean: 7.436269430051814
8
OK_max: 15
NOK_max: 10
76 / 1259
thread_mean: 7.15068493150685
8
OK_max: 15
NOK_max: 9
77 / 1259
thread_mean: 8.312056737588652
8.312056737588652
NOK_max: 14
OK_max: 17
78 / 1259
thread_mean: 8.539007092198581
8.539007092198581
NOK_max: 13
OK_max: 19
79 / 1259
thread_mean: 7.165911151405258
8
NOK_max: 14
NOK_max: 9
80 / 1259
thread_mean: 3.439504783342712
8
81 / 1259
thread_mean: 2.9298998569384835
8
82 / 1259
thread_mean: 2.2764227642276422
8
83 / 1259
thread_mean: 2.94019069633054
8
84 / 1259
thread_mean: 4.1343669250646
8
85 / 1259
thread_mean: 3.7889039242219216
8
86 / 1259
thread_mean: 3.495145631067961
8
87 / 1259
thread_mean: 3.3370277078085646
8
88 / 1259
thread_mean: 4.278791504636554
8
OK_max: 11
OK_max: 9
89 / 1259
thread_mean: 3.3639947437582127
8
90 / 1259
thread_mean: 2.6666666666666665
8
91 / 1259
thread_mean: 5.104072398190045
8
92 / 1259
thread_mean: 5.163603765127745
8
NOK_max: 9
93 / 1259
thread_mean: 2.8302788844621514
8
94 / 1259
thread_mean: 3.0487993803253293
8
95 / 1259
thread_mean: 3.332057939327685
8
96 / 1259
thread_mean: 2.906422018348624
8
97 / 1259
thread_mean: 4.397163120567376
8
OK_max: 10
98 / 1259
thread_mean: 4.674043629465697
8
99 / 1259
thread_mean: 2.8549019607843134
8
100 / 1259
thread_mean: 2.5842472582253238
8
101 / 1259
thread_mean: 3.347931873479319
8
102 / 1259
thread_mean: 3.7349972472013215
8
103 / 1259
thread_mean: 3.283018867924528
8
104 / 1259
thread_mean: 2.791124713083397
8
105 / 1259
thread_mean: 2.9726205997392436
8
106 / 1259
thread_mean: 2.598195697432339
8
107 / 1259
thread_mean: 2.507836990595611
8
108 / 1259
thread_mean: 3.5021459227467813
8
109 / 1259
thread_mean: 3.7164979154258484
8
OK_max: 9
110 / 1259
thread_mean: 3.0754676413674478
8
111 / 1259
thread_mean: 2.976912630149389
8
112 / 1259
thread_mean: 3.2850915431560592
8
OK_max: 9
113 / 1259
thread_mean: 4.439628482972136
8
OK_max: 12
114 / 1259
thread_mean: 5.020152883947185
8
OK_max: 15
OK_max: 15
115 / 1259
thread_mean: 5.253125566225766
8
OK_max: 14
OK_max: 24
116 / 1259
thread_mean: 6.664796633941094
8
NOK_max: 12
OK_max: 31
117 / 1259
thread_mean: 6.916770186335404
8
OK_max: 31
118 / 1259
thread_mean: 6.659174578570045
8
NOK_max: 9
OK_max: 28
119 / 1259
thread_mean: 4.666515939407642
8
OK_max: 16
120 / 1259
thread_mean: 5.357384441939121
8
OK_max: 12
121 / 1259
thread_mean: 5.223819301848049
8
OK_max: 15
122 / 1259
thread_mean: 5.513790162069945
8
OK_max: 16
123 / 1259
thread_mean: 5.2755873340143005
8
OK_max: 21
124 / 1259
thread_mean: 5.840102922256938
8
OK_max: 22
125 / 1259
thread_mean: 4.855906821963394
8
NOK_max: 9
OK_max: 15
126 / 1259
thread_mean: 6.0411899313501145
8
NOK_max: 11
OK_max: 18
127 / 1259
thread_mean: 6.533541341653667
8
NOK_max: 11
OK_max: 29
128 / 1259
thread_mean: 7.173100871731008
8
NOK_max: 11
OK_max: 31
129 / 1259
thread_mean: 8.039286637373998
8.039286637373998
NOK_max: 12
OK_max: 29
130 / 1259
thread_mean: 7.465498357064622
8
OK_max: 15
OK_max: 28
131 / 1259
thread_mean: 8.214879961968148
8.214879961968148
NOK_max: 14
OK_max: 32
132 / 1259
thread_mean: 8.766359790992784
8.766359790992784
NOK_max: 11
OK_max: 32
133 / 1259
thread_mean: 7.933484504913077
8
NOK_max: 13
OK_max: 26
134 / 1259
thread_mean: 7.205251641137856
8
OK_max: 19
OK_max: 21
135 / 1259
thread_mean: 5.847457627118644
8
OK_max: 21
OK_max: 20
136 / 1259
thread_mean: 6.560190703218117
8
OK_max: 17
OK_max: 23
137 / 1259
thread_mean: 6.2274819197896125
8
NOK_max: 9
OK_max: 23
NOK_max: 9
138 / 1259
thread_mean: 5.219201850780798
8
NOK_max: 9
OK_max: 24
139 / 1259
thread_mean: 5.722175450412527
8
OK_max: 28
140 / 1259
thread_mean: 6.093672966310599
8
OK_max: 29
141 / 1259
thread_mean: 8.373151308304891
8.373151308304891
OK_max: 25
142 / 1259
thread_mean: 7.583482944344704
8
OK_max: 27
143 / 1259
thread_mean: 7.746397694524496
8
OK_max: 28
144 / 1259
thread_mean: 6.619104620541059
8
OK_max: 27
145 / 1259
thread_mean: 6.147929911614203
8
OK_max: 38
146 / 1259
thread_mean: 5.949079263410729
8
OK_max: 35
147 / 1259
thread_mean: 4.70196671709531
8
OK_max: 21
148 / 1259
thread_mean: 4.922596997465393
8
OK_max: 18
NOK_max: 9
149 / 1259
thread_mean: 4.449808008776741
8
OK_max: 14
150 / 1259
thread_mean: 4.833988985051141
8
OK_max: 12
151 / 1259
thread_mean: 6.106777735706172
8
OK_max: 15
152 / 1259
thread_mean: 9.582255083179298
9.582255083179298
OK_max: 20
153 / 1259
thread_mean: 13.708576186511241
13.708576186511241
OK_max: 28
154 / 1259
thread_mean: 12.380090497737559
12.380090497737559
OK_max: 30
155 / 1259
thread_mean: 9.322709163346612
9.322709163346612
OK_max: 28
156 / 1259
thread_mean: 9.627906976744185
9.627906976744185
OK_max: 30
157 / 1259
thread_mean: 9.278106508875739
9.278106508875739
OK_max: 33
158 / 1259
thread_mean: 9.561041596212378
9.561041596212378
OK_max: 37
159 / 1259
thread_mean: 10.048997772828507
10.048997772828507
OK_max: 40
160 / 1259
thread_mean: 9.266735022703969
9.266735022703969
OK_max: 42
NOK_max: 11
161 / 1259
thread_mean: 8.60942316160282
8.60942316160282
OK_max: 45
162 / 1259
thread_mean: 11.012224938875306
11.012224938875306
OK_max: 53
NOK_max: 20
163 / 1259
thread_mean: 13.786998616874135
13.786998616874135
OK_max: 57
164 / 1259
thread_mean: 17.202836879432624
17.202836879432624
OK_max: 58
165 / 1259
thread_mean: 16.953074123731085
16.953074123731085
OK_max: 73
166 / 1259
thread_mean: 15.465946363110168
15.465946363110168
OK_max: 71
167 / 1259
thread_mean: 18.013483146067415
18.013483146067415
OK_max: 56
NOK_max: 29
168 / 1259
thread_mean: 15.670840787119856
15.670840787119856
OK_max: 64
169 / 1259
thread_mean: 13.845053635280095
13.845053635280095
OK_max: 66
170 / 1259
thread_mean: 12.97798377752028
12.97798377752028
OK_max: 63
171 / 1259
thread_mean: 13.600862998921253
13.600862998921253
OK_max: 72
172 / 1259
thread_mean: 14.288215724041326
14.288215724041326
OK_max: 80
NOK_max: 18
173 / 1259
thread_mean: 16.472017353579176
16.472017353579176
OK_max: 77
NOK_max: 22
174 / 1259
thread_mean: 16.478952291861553
16.478952291861553
OK_max: 76
NOK_max: 21
175 / 1259
thread_mean: 15.984420642648491
15.984420642648491
OK_max: 81
176 / 1259
thread_mean: 17.120787580461947
17.120787580461947
OK_max: 89
177 / 1259
thread_mean: 18.955414012738856
18.955414012738856
OK_max: 105
178 / 1259
thread_mean: 18.537798275516344
18.537798275516344
OK_max: 112
179 / 1259
thread_mean: 14.172231985940245
14.172231985940245
OK_max: 75
180 / 1259
thread_mean: 13.504873294346979
13.504873294346979
OK_max: 47
181 / 1259
thread_mean: 11.823132650512115
11.823132650512115
OK_max: 55
182 / 1259
thread_mean: 12.565169769989046
12.565169769989046
OK_max: 56
183 / 1259
thread_mean: 12.265524625267666
12.265524625267666
OK_max: 60
184 / 1259
thread_mean: 11.821697537146346
11.821697537146346
OK_max: 65
185 / 1259
thread_mean: 12.32883435582822
12.32883435582822
OK_max: 61
186 / 1259
thread_mean: 12.844677137870855
12.844677137870855
OK_max: 58
187 / 1259
thread_mean: 14.055450056969239
14.055450056969239
OK_max: 61
NOK_max: 21
188 / 1259
thread_mean: 14.499454743729553
14.499454743729553
OK_max: 71
NOK_max: 26
189 / 1259
thread_mean: 16.558389261744967
16.558389261744967
OK_max: 72
NOK_max: 20
NOK_max: 20
190 / 1259
thread_mean: 18.23265629121604
18.23265629121604
OK_max: 69
NOK_max: 21
191 / 1259
thread_mean: 16.04825506247307
16.04825506247307
OK_max: 77
NOK_max: 19
192 / 1259
thread_mean: 15.496213630928658
15.496213630928658
OK_max: 81
193 / 1259
thread_mean: 15.694145758661888
15.694145758661888
OK_max: 82
194 / 1259
thread_mean: 14.24438902743142
14.24438902743142
OK_max: 79
195 / 1259
thread_mean: 15.825431462011506
15.825431462011506
OK_max: 72
196 / 1259
thread_mean: 14.478816136225422
14.478816136225422
OK_max: 62
NOK_max: 17
197 / 1259
thread_mean: 16.30395971618219
16.30395971618219
OK_max: 63
NOK_max: 18
198 / 1259
thread_mean: 18.828796743831084
18.828796743831084
OK_max: 74
199 / 1259
thread_mean: 18.604003481288075
18.604003481288075
OK_max: 69
200 / 1259
thread_mean: 17.668854850474105
17.668854850474105
OK_max: 74
201 / 1259
thread_mean: 22.76336996336996
22.76336996336996
OK_max: 91
202 / 1259
thread_mean: 23.078958976621088
23.078958976621088
OK_max: 97
203 / 1259
thread_mean: 22.169405815423513
22.169405815423513
OK_max: 95
204 / 1259
thread_mean: 21.628808864265928
21.628808864265928
OK_max: 84
205 / 1259
thread_mean: 17.293756397134082
17.293756397134082
OK_max: 73
206 / 1259
thread_mean: 17.920817369093232
17.920817369093232
OK_max: 72
207 / 1259
thread_mean: 20.183873398643556
20.183873398643556
OK_max: 69
208 / 1259
thread_mean: 15.98427363868685
15.98427363868685
OK_max: 70
209 / 1259
thread_mean: 14.352434295562258
14.352434295562258
OK_max: 59
210 / 1259
thread_mean: 17.271413828689372
17.271413828689372
OK_max: 43
211 / 1259
thread_mean: 19.390946502057613
19.390946502057613
OK_max: 46
212 / 1259
thread_mean: 17.60517799352751
17.60517799352751
OK_max: 53
213 / 1259
thread_mean: 22.56749311294766
22.56749311294766
OK_max: 60
214 / 1259
thread_mean: 22.462745098039214
22.462745098039214
OK_max: 61
215 / 1259
thread_mean: 15.167585710860704
15.167585710860704
OK_max: 57
216 / 1259
thread_mean: 15.962581852198316
15.962581852198316
OK_max: 55
217 / 1259
thread_mean: 17.747685797408096
17.747685797408096
OK_max: 56
218 / 1259
thread_mean: 18.536936936936936
18.536936936936936
OK_max: 57
219 / 1259
thread_mean: 13.793103448275861
13.793103448275861
OK_max: 60
220 / 1259
thread_mean: 15.105500450856628
15.105500450856628
OK_max: 59
221 / 1259
thread_mean: 15.619550858652575
15.619550858652575
OK_max: 61
222 / 1259
thread_mean: 20.385698808234018
20.385698808234018
OK_max: 68
223 / 1259
thread_mean: 24.193259767372503
24.193259767372503
OK_max: 72
224 / 1259
thread_mean: 19.864455659697185
19.864455659697185
OK_max: 74
225 / 1259
thread_mean: 20.70087742621643
20.70087742621643
OK_max: 68
226 / 1259
thread_mean: 15.612522150029534
15.612522150029534
OK_max: 69
227 / 1259
thread_mean: 18.118126272912424
18.118126272912424
OK_max: 74
228 / 1259
thread_mean: 19.043820519548674
19.043820519548674
OK_max: 64
229 / 1259
thread_mean: 19.976088812980358
19.976088812980358
OK_max: 64
230 / 1259
thread_mean: 16.709256844850067
16.709256844850067
OK_max: 67
231 / 1259
thread_mean: 14.545454545454547
14.545454545454547
OK_max: 62
232 / 1259
thread_mean: 18.203896692342546
18.203896692342546
OK_max: 66
233 / 1259
thread_mean: 18.338461538461537
18.338461538461537
OK_max: 66
234 / 1259
thread_mean: 17.109983079526227
17.109983079526227
OK_max: 63
235 / 1259
thread_mean: 17.6138147566719
17.6138147566719
OK_max: 65
236 / 1259
thread_mean: 17.830639948287008
17.830639948287008
OK_max: 65
237 / 1259
thread_mean: 16.70312189302048
16.70312189302048
OK_max: 66
238 / 1259
thread_mean: 18.819883795997416
18.819883795997416
OK_max: 66
239 / 1259
thread_mean: 18.968933669185557
18.968933669185557
OK_max: 51
240 / 1259
thread_mean: 22.994265549183943
22.994265549183943
NOK_max: 42
241 / 1259
thread_mean: 17.702726473175023
17.702726473175023
OK_max: 47
242 / 1259
thread_mean: 15.424859246427024
15.424859246427024
OK_max: 53
243 / 1259
thread_mean: 11.510348905972798
11.510348905972798
OK_max: 53
244 / 1259
thread_mean: 12.657844990548206
12.657844990548206
OK_max: 52
245 / 1259
thread_mean: 15.302333996743261
15.302333996743261
OK_max: 55
246 / 1259
thread_mean: 15.916700040048058
15.916700040048058
OK_max: 48
247 / 1259
thread_mean: 12.254625700220677
12.254625700220677
OK_max: 45
248 / 1259
thread_mean: 13.589326391148717
13.589326391148717
OK_max: 52
249 / 1259
thread_mean: 16.073394495412842
16.073394495412842
OK_max: 59
250 / 1259
thread_mean: 18.576702737110118
18.576702737110118
OK_max: 58
251 / 1259
thread_mean: 18.329045362220718
18.329045362220718
OK_max: 55
252 / 1259
thread_mean: 16.566562079784852
16.566562079784852
OK_max: 53
253 / 1259
thread_mean: 16.2332361516035
16.2332361516035
OK_max: 51
254 / 1259
thread_mean: 16.617708770457405
16.617708770457405
OK_max: 49
255 / 1259
thread_mean: 17.142857142857142
17.142857142857142
OK_max: 48
256 / 1259
thread_mean: 13.922039534454093
13.922039534454093
OK_max: 46
257 / 1259
thread_mean: 14.543373278483276
14.543373278483276
OK_max: 56
258 / 1259
thread_mean: 20.10557184750733
20.10557184750733
OK_max: 59
259 / 1259
thread_mean: 19.39368856699431
19.39368856699431
OK_max: 50
260 / 1259
thread_mean: 15.025089605734767
15.025089605734767
OK_max: 43
261 / 1259
thread_mean: 16.95515818431912
16.95515818431912
OK_max: 45
262 / 1259
thread_mean: 18.238209432454035
18.238209432454035
OK_max: 51
263 / 1259
thread_mean: 14.975404387325504
14.975404387325504
OK_max: 51
264 / 1259
thread_mean: 13.0436873747495
13.0436873747495
OK_max: 46
265 / 1259
thread_mean: 14.8311377245509
14.8311377245509
OK_max: 52
266 / 1259
thread_mean: 17.26086956521739
17.26086956521739
OK_max: 53
267 / 1259
thread_mean: 15.012427506213754
15.012427506213754
OK_max: 50
268 / 1259
thread_mean: 15.389312977099236
15.389312977099236
OK_max: 52
269 / 1259
thread_mean: 12.83868530411787
12.83868530411787
OK_max: 50
270 / 1259
thread_mean: 17.754646840148702
17.754646840148702
OK_max: 42
271 / 1259
thread_mean: 19.469420174741856
19.469420174741856
OK_max: 57
272 / 1259
thread_mean: 21.31791907514451
21.31791907514451
OK_max: 68
273 / 1259
thread_mean: 24.727272727272727
24.727272727272727
OK_max: 60
274 / 1259
thread_mean: 16.31426131511529
16.31426131511529
OK_max: 53
275 / 1259
thread_mean: 16.246424642464248
16.246424642464248
OK_max: 52
NOK_max: 17
276 / 1259
thread_mean: 17.662462462462464
17.662462462462464
OK_max: 54
277 / 1259
thread_mean: 16.723455793298346
16.723455793298346
OK_max: 56
278 / 1259
thread_mean: 17.937485529057653
17.937485529057653
OK_max: 59
279 / 1259
thread_mean: 13.782616718951836
13.782616718951836
OK_max: 52
280 / 1259
thread_mean: 13.899449280511636
13.899449280511636
OK_max: 49
281 / 1259
thread_mean: 19.42935906271537
19.42935906271537
OK_max: 54
282 / 1259
thread_mean: 19.536010769575945
19.536010769575945
OK_max: 59
283 / 1259
thread_mean: 18.675919500346982
18.675919500346982
OK_max: 64
284 / 1259
thread_mean: 18.27055702917772
18.27055702917772
OK_max: 66
285 / 1259
thread_mean: 20.564774381368267
20.564774381368267
OK_max: 69
286 / 1259
thread_mean: 20.40888888888889
20.40888888888889
OK_max: 67
287 / 1259
thread_mean: 22.281027884089667
22.281027884089667
OK_max: 63
288 / 1259
thread_mean: 19.6017316017316
19.6017316017316
OK_max: 62
289 / 1259
thread_mean: 17.865652724968314
17.865652724968314
OK_max: 60
290 / 1259
thread_mean: 14.208853187489318
14.208853187489318
OK_max: 61
291 / 1259
thread_mean: 16.210394489668126
16.210394489668126
OK_max: 57
292 / 1259
thread_mean: 15.012185215272137
15.012185215272137
OK_max: 55
293 / 1259
thread_mean: 15.651110658243326
15.651110658243326
OK_max: 56
294 / 1259
thread_mean: 18.06531881804044
18.06531881804044
OK_max: 57
295 / 1259
thread_mean: 21.159842961301177
21.159842961301177
OK_max: 57
296 / 1259
thread_mean: 21.110500274876305
21.110500274876305
OK_max: 56
297 / 1259
thread_mean: 22.569244879241822
22.569244879241822
OK_max: 60
298 / 1259
thread_mean: 23.87450980392157
23.87450980392157
OK_max: 66
299 / 1259
thread_mean: 20.988235294117647
20.988235294117647
OK_max: 57
300 / 1259
thread_mean: 19.909828674481517
19.909828674481517
NOK_max: 37
301 / 1259
thread_mean: 17.667166416791602
17.667166416791602
OK_max: 38
302 / 1259
thread_mean: 12.32541396688265
12.32541396688265
OK_max: 38
303 / 1259
thread_mean: 10.227001194743131
10.227001194743131
OK_max: 40
304 / 1259
thread_mean: 14.022180146064375
14.022180146064375
OK_max: 49
305 / 1259
thread_mean: 14.417490890161375
14.417490890161375
OK_max: 47
306 / 1259
thread_mean: 14.098529068409992
14.098529068409992
OK_max: 43
307 / 1259
thread_mean: 14.875675675675677
14.875675675675677
OK_max: 48
308 / 1259
thread_mean: 16.116448326055313
16.116448326055313
OK_max: 53
309 / 1259
thread_mean: 14.831769283588923
14.831769283588923
OK_max: 52
310 / 1259
thread_mean: 12.865030674846626
12.865030674846626
OK_max: 53
311 / 1259
thread_mean: 13.563552561602553
13.563552561602553
OK_max: 61
312 / 1259
thread_mean: 15.571683521713267
15.571683521713267
OK_max: 66
313 / 1259
thread_mean: 15.494519664732431
15.494519664732431
OK_max: 59
314 / 1259
thread_mean: 15.798542080848243
15.798542080848243
OK_max: 51
315 / 1259
thread_mean: 16.0
16.0
OK_max: 54
316 / 1259
thread_mean: 18.018237082066868
18.018237082066868
OK_max: 55
317 / 1259
thread_mean: 15.004616399208619
15.004616399208619
OK_max: 48
318 / 1259
thread_mean: 15.011494252873561
15.011494252873561
OK_max: 49
319 / 1259
thread_mean: 17.66792047286405
17.66792047286405
OK_max: 50
320 / 1259
thread_mean: 16.840642640034737
16.840642640034737
OK_max: 61
321 / 1259
thread_mean: 17.35890410958904
17.35890410958904
OK_max: 64
322 / 1259
thread_mean: 18.319855781612155
18.319855781612155
OK_max: 56
323 / 1259
thread_mean: 14.79918864097363
14.79918864097363
OK_max: 53
324 / 1259
thread_mean: 14.293289822557618
14.293289822557618
OK_max: 56
325 / 1259
thread_mean: 16.243182834152883
16.243182834152883
OK_max: 55
326 / 1259
thread_mean: 14.123112659698027
14.123112659698027
OK_max: 56
327 / 1259
thread_mean: 13.987546699875466
13.987546699875466
OK_max: 54
328 / 1259
thread_mean: 13.45583038869258
13.45583038869258
OK_max: 50
329 / 1259
thread_mean: 12.632140475661258
12.632140475661258
OK_max: 47
330 / 1259
thread_mean: 15.219934994582882
15.219934994582882
OK_max: 46
331 / 1259
thread_mean: 15.457627118644066
15.457627118644066
OK_max: 49
332 / 1259
thread_mean: 18.375
18.375
OK_max: 50
333 / 1259
thread_mean: 16.1767955801105
16.1767955801105
OK_max: 47
334 / 1259
thread_mean: 14.513176144244104
14.513176144244104
OK_max: 45
335 / 1259
thread_mean: 11.280870121561101
11.280870121561101
OK_max: 46
336 / 1259
thread_mean: 10.819282412502751
10.819282412502751
OK_max: 41
337 / 1259
thread_mean: 16.47816091954023
16.47816091954023
OK_max: 42
338 / 1259
thread_mean: 16.759728668332738
16.759728668332738
OK_max: 47
339 / 1259
thread_mean: 17.049842271293375
17.049842271293375
OK_max: 51
340 / 1259
thread_mean: 17.69337289812067
17.69337289812067
OK_max: 47
341 / 1259
thread_mean: 14.190499156016397
14.190499156016397
OK_max: 49
342 / 1259
thread_mean: 14.889110889110889
14.889110889110889
OK_max: 49
343 / 1259
thread_mean: 12.811740426507683
12.811740426507683
OK_max: 44
344 / 1259
thread_mean: 15.306889352818372
15.306889352818372
OK_max: 47
345 / 1259
thread_mean: 17.66760563380282
17.66760563380282
OK_max: 46
346 / 1259
thread_mean: 12.787878787878789
12.787878787878789
OK_max: 45
347 / 1259
thread_mean: 14.335839598997495
14.335839598997495
OK_max: 51
348 / 1259
thread_mean: 15.915303176130895
15.915303176130895
OK_max: 50
349 / 1259
thread_mean: 17.399309551208287
17.399309551208287
OK_max: 50
350 / 1259
thread_mean: 19.099476439790575
19.099476439790575
OK_max: 50
351 / 1259
thread_mean: 9.855586930213796
9.855586930213796
OK_max: 49
352 / 1259
thread_mean: 8.48331830477908
8.48331830477908
OK_max: 44
353 / 1259
thread_mean: 10.161347869177405
10.161347869177405
OK_max: 47
354 / 1259
thread_mean: 10.861861191698281
10.861861191698281
OK_max: 47
355 / 1259
thread_mean: 10.224133569440932
10.224133569440932
OK_max: 35
356 / 1259
thread_mean: 8.981012658227847
8.981012658227847
OK_max: 37
357 / 1259
thread_mean: 10.034922133081642
10.034922133081642
OK_max: 39
358 / 1259
thread_mean: 12.08565866320571
12.08565866320571
OK_max: 37
359 / 1259
thread_mean: 12.029102667744544
12.029102667744544
OK_max: 31
360 / 1259
thread_mean: 13.962678375411636
13.962678375411636
OK_max: 29
361 / 1259
thread_mean: 12.004856333468231
12.004856333468231
OK_max: 30
362 / 1259
thread_mean: 8.273907910271546
8.273907910271546
OK_max: 30
363 / 1259
thread_mean: 9.233348858872844
9.233348858872844
OK_max: 32
364 / 1259
thread_mean: 12.975767366720516
12.975767366720516
OK_max: 45
365 / 1259
thread_mean: 12.79083094555874
12.79083094555874
OK_max: 50
366 / 1259
thread_mean: 11.358687546607008
11.358687546607008
OK_max: 42
367 / 1259
thread_mean: 10.44536652835408
10.44536652835408
OK_max: 42
368 / 1259
thread_mean: 13.883161512027492
13.883161512027492
OK_max: 44
369 / 1259
thread_mean: 11.013246688327918
11.013246688327918
OK_max: 41
370 / 1259
thread_mean: 9.269443775583914
9.269443775583914
OK_max: 42
371 / 1259
thread_mean: 11.0945558739255
11.0945558739255
OK_max: 41
372 / 1259
thread_mean: 15.93854033290653
15.93854033290653
OK_max: 44
373 / 1259
thread_mean: 18.86535947712418
18.86535947712418
OK_max: 47
374 / 1259
thread_mean: 14.43588269120184
14.43588269120184
OK_max: 46
375 / 1259
thread_mean: 13.978947368421053
13.978947368421053
OK_max: 54
376 / 1259
thread_mean: 15.656428377276434
15.656428377276434
OK_max: 54
377 / 1259
thread_mean: 13.327058823529413
13.327058823529413
OK_max: 44
378 / 1259
thread_mean: 10.34607127522542
10.34607127522542
OK_max: 39
379 / 1259
thread_mean: 12.533390594803521
12.533390594803521
OK_max: 43
380 / 1259
thread_mean: 11.780472764645427
11.780472764645427
OK_max: 41
381 / 1259
thread_mean: 11.798367738838213
11.798367738838213
OK_max: 36
382 / 1259
thread_mean: 12.534267133566784
12.534267133566784
OK_max: 41
383 / 1259
thread_mean: 13.757610568638714
13.757610568638714
OK_max: 47
384 / 1259
thread_mean: 15.088838268792712
15.088838268792712
OK_max: 55
385 / 1259
thread_mean: 11.687180865358775
11.687180865358775
OK_max: 49
386 / 1259
thread_mean: 8.965831435079727
8.965831435079727
OK_max: 43
387 / 1259
thread_mean: 9.30420168067227
9.30420168067227
OK_max: 38
388 / 1259
thread_mean: 10.00530759951749
10.00530759951749
OK_max: 43
389 / 1259
thread_mean: 11.94442729237419
11.94442729237419
OK_max: 41
390 / 1259
thread_mean: 15.387978142076502
15.387978142076502
NOK_max: 30
391 / 1259
thread_mean: 11.425559947299078
11.425559947299078
OK_max: 30
392 / 1259
thread_mean: 14.153846153846153
14.153846153846153
OK_max: 39
393 / 1259
thread_mean: 10.04679245283019
10.04679245283019
OK_max: 45
394 / 1259
thread_mean: 9.221505376344087
9.221505376344087
OK_max: 37
395 / 1259
thread_mean: 9.615508885298869
9.615508885298869
OK_max: 30
396 / 1259
thread_mean: 7.454653230586841
8
OK_max: 27
397 / 1259
thread_mean: 8.30188679245283
8.30188679245283
OK_max: 26
398 / 1259
thread_mean: 12.315417810906236
12.315417810906236
OK_max: 35
NOK_max: 14
399 / 1259
thread_mean: 12.511191335740072
12.511191335740072
OK_max: 40
400 / 1259
thread_mean: 10.953405017921147
10.953405017921147
OK_max: 42
401 / 1259
thread_mean: 8.976334106728538
8.976334106728538
OK_max: 43
NOK_max: 9
402 / 1259
thread_mean: 8.01167883211679
8.01167883211679
OK_max: 41
403 / 1259
thread_mean: 11.795728876508822
11.795728876508822
OK_max: 47
404 / 1259
thread_mean: 10.397111913357401
10.397111913357401
OK_max: 52
405 / 1259
thread_mean: 10.869358669833728
10.869358669833728
OK_max: 45
406 / 1259
thread_mean: 8.970998925886144
8.970998925886144
OK_max: 41
407 / 1259
thread_mean: 9.238009049773757
9.238009049773757
OK_max: 43
408 / 1259
thread_mean: 9.399286078531361
9.399286078531361
OK_max: 47
409 / 1259
thread_mean: 10.792899408284024
10.792899408284024
OK_max: 52
410 / 1259
thread_mean: 9.296950240770466
9.296950240770466
OK_max: 48
411 / 1259
thread_mean: 8.655535576676085
8.655535576676085
OK_max: 44
412 / 1259
thread_mean: 8.965733482642777
8.965733482642777
OK_max: 46
413 / 1259
thread_mean: 8.76783188522934
8.76783188522934
OK_max: 48
414 / 1259
thread_mean: 8.843263061411548
8.843263061411548
OK_max: 47
415 / 1259
thread_mean: 8.303853617965068
8.303853617965068
OK_max: 44
416 / 1259
thread_mean: 7.6166770379589295
8
OK_max: 41
417 / 1259
thread_mean: 8.931147540983606
8.931147540983606
OK_max: 34
418 / 1259
thread_mean: 7.792615868028279
8
OK_max: 33
419 / 1259
thread_mean: 6.855244948796015
8
OK_max: 28
420 / 1259
thread_mean: 8.69158878504673
8.69158878504673
OK_max: 25
421 / 1259
thread_mean: 6.923241699393074
8
OK_max: 28
422 / 1259
thread_mean: 7.782881002087683
8
OK_max: 29
423 / 1259
thread_mean: 7.594125500667557
8
OK_max: 32
424 / 1259
thread_mean: 7.266932270916335
8
OK_max: 28
425 / 1259
thread_mean: 5.863760217983652
8
OK_max: 29
426 / 1259
thread_mean: 8.329378925331472
8.329378925331472
OK_max: 43
NOK_max: 11
427 / 1259
thread_mean: 9.376323840903742
9.376323840903742
OK_max: 48
428 / 1259
thread_mean: 9.276758828360252
9.276758828360252
OK_max: 40
429 / 1259
thread_mean: 9.434324065196549
9.434324065196549
OK_max: 38
NOK_max: 17
430 / 1259
thread_mean: 8.747289407839865
8.747289407839865
OK_max: 37
NOK_max: 15
431 / 1259
thread_mean: 7.013698630136986
8
OK_max: 29
NOK_max: 10
432 / 1259
thread_mean: 6.855602964293735
8
OK_max: 29
433 / 1259
thread_mean: 6.871287128712871
8
OK_max: 33
NOK_max: 11
434 / 1259
thread_mean: 6.817658349328215
8
OK_max: 34
435 / 1259
thread_mean: 11.988980716253444
11.988980716253444
OK_max: 38
436 / 1259
thread_mean: 12.484507042253522
12.484507042253522
OK_max: 43
437 / 1259
thread_mean: 9.452685421994886
9.452685421994886
OK_max: 47
438 / 1259
thread_mean: 8.490096729617688
8.490096729617688
OK_max: 50
439 / 1259
thread_mean: 9.752859385512448
9.752859385512448
OK_max: 58
440 / 1259
thread_mean: 10.95913524914316
10.95913524914316
OK_max: 59
441 / 1259
thread_mean: 8.84422110552764
8.84422110552764
OK_max: 47
442 / 1259
thread_mean: 7.899461400359066
8
OK_max: 39
443 / 1259
thread_mean: 6.933730454207
8
OK_max: 40
444 / 1259
thread_mean: 7.408195848855774
8
OK_max: 43
445 / 1259
thread_mean: 8.657381615598887
8.657381615598887
OK_max: 40
446 / 1259
thread_mean: 9.5447216890595
9.5447216890595
OK_max: 38
447 / 1259
thread_mean: 9.410526315789474
9.410526315789474
OK_max: 43
448 / 1259
thread_mean: 8.413483146067415
8.413483146067415
OK_max: 46
449 / 1259
thread_mean: 8.81409891984082
8.81409891984082
OK_max: 43
450 / 1259
thread_mean: 11.80823244552058
11.80823244552058
OK_max: 37
451 / 1259
thread_mean: 7.11941605839416
8
OK_max: 34
452 / 1259
thread_mean: 7.750077327559543
8
OK_max: 36
453 / 1259
thread_mean: 9.649484536082475
9.649484536082475
OK_max: 33
454 / 1259
thread_mean: 9.37299771167048
9.37299771167048
OK_max: 32
455 / 1259
thread_mean: 7.377173091458806
8
OK_max: 33
456 / 1259
thread_mean: 7.2062992125984255
8
OK_max: 29
457 / 1259
thread_mean: 6.36378334680679
8
OK_max: 28
458 / 1259
thread_mean: 8.141689373297003
8.141689373297003
OK_max: 31
459 / 1259
thread_mean: 7.374792151646159
8
OK_max: 29
460 / 1259
thread_mean: 7.449143656064313
8
OK_max: 30
461 / 1259
thread_mean: 6.536412078152754
8
OK_max: 32
462 / 1259
thread_mean: 6.307692307692308
8
OK_max: 34
463 / 1259
thread_mean: 10.545454545454545
10.545454545454545
OK_max: 40
464 / 1259
thread_mean: 9.830856525263442
9.830856525263442
OK_max: 42
465 / 1259
thread_mean: 7.222143364088005
8
OK_max: 37
466 / 1259
thread_mean: 9.660759493670886
9.660759493670886
OK_max: 35
467 / 1259
thread_mean: 10.65971996092478
10.65971996092478
OK_max: 31
468 / 1259
thread_mean: 7.813624299616633
8
OK_max: 24
469 / 1259
thread_mean: 6.686095332180786
8
OK_max: 31
470 / 1259
thread_mean: 7.805471124620061
8
OK_max: 37
471 / 1259
thread_mean: 8.828939301042306
8.828939301042306
OK_max: 38
472 / 1259
thread_mean: 7.563025210084033
8
OK_max: 36
473 / 1259
thread_mean: 7.443721860930465
8
OK_max: 33
474 / 1259
thread_mean: 10.174893510398396
10.174893510398396
OK_max: 41
475 / 1259
thread_mean: 9.130035696073431
9.130035696073431
OK_max: 40
476 / 1259
thread_mean: 6.79295154185022
8
OK_max: 33
477 / 1259
thread_mean: 7.192958700067705
8
OK_max: 34
478 / 1259
thread_mean: 8.44186046511628
8.44186046511628
OK_max: 36
NOK_max: 12
479 / 1259
thread_mean: 10.338461538461539
10.338461538461539
OK_max: 38
480 / 1259
thread_mean: 9.577106518282989
9.577106518282989
OK_max: 35
481 / 1259
thread_mean: 7.799650553290624
8
OK_max: 36
482 / 1259
thread_mean: 10.184738955823294
10.184738955823294
OK_max: 41
483 / 1259
thread_mean: 9.922951709169832
9.922951709169832
OK_max: 41
484 / 1259
thread_mean: 9.804076265614727
9.804076265614727
OK_max: 47
NOK_max: 11
NOK_max: 10
485 / 1259
thread_mean: 9.865125240847783
9.865125240847783
OK_max: 50
NOK_max: 12
486 / 1259
thread_mean: 8.454545454545455
8.454545454545455
OK_max: 40
NOK_max: 13
487 / 1259
thread_mean: 7.939439818319455
8
OK_max: 30
NOK_max: 11
NOK_max: 10
488 / 1259
thread_mean: 10.006644518272426
10.006644518272426
OK_max: 31
NOK_max: 17
489 / 1259
thread_mean: 9.163391353172376
9.163391353172376
OK_max: 37
OK_max: 21
490 / 1259
thread_mean: 7.274534161490683
8
OK_max: 30
OK_max: 16
491 / 1259
thread_mean: 7.6712826333711694
8
OK_max: 27
OK_max: 18
492 / 1259
thread_mean: 9.228120516499283
9.228120516499283
OK_max: 33
NOK_max: 17
493 / 1259
thread_mean: 8.130472103004292
8.130472103004292
OK_max: 34
NOK_max: 12
494 / 1259
thread_mean: 7.962085308056872
8
OK_max: 33
NOK_max: 10
495 / 1259
thread_mean: 7.932011331444759
8
OK_max: 36
NOK_max: 10
496 / 1259
thread_mean: 9.21730675741371
9.21730675741371
OK_max: 40
497 / 1259
thread_mean: 8.768812330009066
8.768812330009066
OK_max: 43
498 / 1259
thread_mean: 7.50066401062417
8
OK_max: 40
499 / 1259
thread_mean: 10.060438037149986
10.060438037149986
OK_max: 42
500 / 1259
thread_mean: 11.510063254744106
11.510063254744106
OK_max: 47
NOK_max: 13
501 / 1259
thread_mean: 11.477960242005185
11.477960242005185
OK_max: 43
NOK_max: 14
502 / 1259
thread_mean: 12.08073760279093
12.08073760279093
OK_max: 41
NOK_max: 18
503 / 1259
thread_mean: 10.688219842392403
10.688219842392403
OK_max: 40
NOK_max: 20
504 / 1259
thread_mean: 8.657062675397569
8.657062675397569
OK_max: 38
NOK_max: 14
505 / 1259
thread_mean: 7.831517792302106
8
OK_max: 39
506 / 1259
thread_mean: 6.503740648379052
8
OK_max: 42
507 / 1259
thread_mean: 7.372048500319082
8
OK_max: 46
508 / 1259
thread_mean: 7.8920245398773
8
OK_max: 46
509 / 1259
thread_mean: 7.971119133574007
8
OK_max: 40
510 / 1259
thread_mean: 13.126005361930297
13.126005361930297
OK_max: 39
511 / 1259
thread_mean: 9.379310344827587
9.379310344827587
OK_max: 41
512 / 1259
thread_mean: 7.156225218080888
8
OK_max: 35
513 / 1259
thread_mean: 8.442280148954454
8.442280148954454
OK_max: 32
514 / 1259
thread_mean: 7.442609746274668
8
OK_max: 36
515 / 1259
thread_mean: 6.449203734211972
8
OK_max: 34
NOK_max: 11
516 / 1259
thread_mean: 5.329512893982808
8
OK_max: 30
517 / 1259
thread_mean: 5.626752966558792
8
OK_max: 37
518 / 1259
thread_mean: 8.135926305015353
8.135926305015353
OK_max: 47
NOK_max: 12
519 / 1259
thread_mean: 7.820773930753564
8
OK_max: 49
OK_max: 21
520 / 1259
thread_mean: 7.815954586196594
8
OK_max: 45
OK_max: 24
521 / 1259
thread_mean: 8.592180988291329
8.592180988291329
OK_max: 47
NOK_max: 17
522 / 1259
thread_mean: 7.410098074827461
8
OK_max: 51
523 / 1259
thread_mean: 7.119224187107815
8
OK_max: 48
524 / 1259
thread_mean: 6.504118616144975
8
OK_max: 38
525 / 1259
thread_mean: 9.387660069848662
9.387660069848662
OK_max: 41
NOK_max: 17
526 / 1259
thread_mean: 7.676344597810566
8
OK_max: 19
OK_max: 39
527 / 1259
thread_mean: 6.765880217785844
8
OK_max: 34
OK_max: 17
528 / 1259
thread_mean: 9.06591070163005
9.06591070163005
OK_max: 38
NOK_max: 18
529 / 1259
thread_mean: 9.285851780558229
9.285851780558229
OK_max: 41
NOK_max: 18
530 / 1259
thread_mean: 8.994059405940593
8.994059405940593
OK_max: 56
OK_max: 21
531 / 1259
thread_mean: 11.025647441511323
11.025647441511323
OK_max: 62
NOK_max: 16
OK_max: 23
532 / 1259
thread_mean: 10.514559616536848
10.514559616536848
OK_max: 56
OK_max: 30
533 / 1259
thread_mean: 9.432517567240126
9.432517567240126
OK_max: 54
OK_max: 24
534 / 1259
thread_mean: 8.823395366502089
8.823395366502089
OK_max: 47
OK_max: 19
535 / 1259
thread_mean: 7.890900074386313
8
OK_max: 37
OK_max: 19
536 / 1259
thread_mean: 7.013272903852379
8
OK_max: 39
OK_max: 15
OK_max: 28
NOK_max: 9
537 / 1259
thread_mean: 7.192997082117548
8
OK_max: 41
OK_max: 19
OK_max: 28
538 / 1259
thread_mean: 7.629536921151439
8
OK_max: 39
NOK_max: 9
OK_max: 22
OK_max: 22
539 / 1259
thread_mean: 5.711335367284675
8
OK_max: 33
OK_max: 12
NOK_max: 11
540 / 1259
thread_mean: 5.230142566191446
8
OK_max: 29
541 / 1259
thread_mean: 5.8639798488664985
8
OK_max: 34
542 / 1259
thread_mean: 6.556701030927835
8
OK_max: 39
NOK_max: 13
543 / 1259
thread_mean: 7.846221570066032
8
OK_max: 41
OK_max: 21
544 / 1259
thread_mean: 7.54903474903475
8
OK_max: 42
NOK_max: 10
OK_max: 22
545 / 1259
thread_mean: 7.2803347280334725
8
OK_max: 45
NOK_max: 11
NOK_max: 13
546 / 1259
thread_mean: 7.1248192771084335
8
OK_max: 44
NOK_max: 11
547 / 1259
thread_mean: 6.436339812186067
8
OK_max: 41
NOK_max: 10
548 / 1259
thread_mean: 5.202325145321582
8
OK_max: 41
NOK_max: 9
549 / 1259
thread_mean: 6.146161287485709
8
OK_max: 47
NOK_max: 9
NOK_max: 10
550 / 1259
thread_mean: 7.066246056782335
8
OK_max: 45
NOK_max: 10
NOK_max: 14
551 / 1259
thread_mean: 5.449201277955272
8
OK_max: 36
OK_max: 14
552 / 1259
thread_mean: 5.936753338018271
8
OK_max: 34
OK_max: 13
OK_max: 13
553 / 1259
thread_mean: 6.141766630316248
8
OK_max: 34
OK_max: 15
OK_max: 14
554 / 1259
thread_mean: 6.041297935103245
8
OK_max: 37
OK_max: 15
NOK_max: 10
NOK_max: 9
555 / 1259
thread_mean: 6.727114210985178
8
OK_max: 41
OK_max: 21
556 / 1259
thread_mean: 6.763820305913525
8
OK_max: 42
OK_max: 18
NOK_max: 10
557 / 1259
thread_mean: 7.093862815884476
8
OK_max: 44
NOK_max: 14
OK_max: 17
558 / 1259
thread_mean: 7.68552762706234
8
OK_max: 34
OK_max: 24
NOK_max: 11
NOK_max: 12
NOK_max: 10
NOK_max: 9
NOK_max: 10
559 / 1259
thread_mean: 6.373116610355218
8
OK_max: 24
OK_max: 23
OK_max: 15
560 / 1259
thread_mean: 6.536325599087105
8
OK_max: 22
OK_max: 20
OK_max: 19
561 / 1259
thread_mean: 7.24040404040404
8
OK_max: 33
OK_max: 16
OK_max: 16
562 / 1259
thread_mean: 6.464196154917804
8
OK_max: 43
OK_max: 14
NOK_max: 9
563 / 1259
thread_mean: 6.265341905318527
8
OK_max: 37
OK_max: 20
NOK_max: 9
564 / 1259
thread_mean: 7.325914149443561
8
OK_max: 42
OK_max: 31
NOK_max: 10
565 / 1259
thread_mean: 7.888579387186629
8
OK_max: 50
OK_max: 31
NOK_max: 13
566 / 1259
thread_mean: 7.948443473511743
8
OK_max: 49
OK_max: 30
NOK_max: 10
567 / 1259
thread_mean: 7.614510016242555
8
OK_max: 44
OK_max: 20
568 / 1259
thread_mean: 7.145884270578648
8
OK_max: 43
NOK_max: 13
569 / 1259
thread_mean: 5.814351547070441
8
OK_max: 37
570 / 1259
thread_mean: 7.241549876339654
8
OK_max: 27
571 / 1259
thread_mean: 4.7875647668393775
8
OK_max: 26
572 / 1259
thread_mean: 4.669830508474576
8
OK_max: 26
573 / 1259
thread_mean: 4.480216435576597
8
OK_max: 26
OK_max: 15
574 / 1259
thread_mean: 4.486979746271979
8
OK_max: 28
OK_max: 16
575 / 1259
thread_mean: 4.413159028875161
8
OK_max: 29
576 / 1259
thread_mean: 5.672042243470814
8
OK_max: 29
OK_max: 13
577 / 1259
thread_mean: 6.656524283206554
8
OK_max: 30
OK_max: 14
578 / 1259
thread_mean: 5.960057887120116
8
OK_max: 29
579 / 1259
thread_mean: 6.37038840862048
8
OK_max: 29
NOK_max: 12
580 / 1259
thread_mean: 6.6462538951361605
8
OK_max: 31
NOK_max: 13
581 / 1259
thread_mean: 6.97856477166822
8
OK_max: 33
NOK_max: 9
582 / 1259
thread_mean: 8.77782374844849
8.77782374844849
OK_max: 40
583 / 1259
thread_mean: 8.770400405473897
8.770400405473897
OK_max: 42
584 / 1259
thread_mean: 8.391014295439074
8.391014295439074
OK_max: 40
585 / 1259
thread_mean: 7.745373797187268
8
OK_max: 39
NOK_max: 9
NOK_max: 9
586 / 1259
thread_mean: 7.28513162773452
8
OK_max: 35
587 / 1259
thread_mean: 7.65116950620849
8
OK_max: 33
588 / 1259
thread_mean: 7.49367088607595
8
OK_max: 34
589 / 1259
thread_mean: 6.939370166984199
8
OK_max: 28
NOK_max: 12
590 / 1259
thread_mean: 7.053220718428819
8
OK_max: 23
OK_max: 22
591 / 1259
thread_mean: 6.5036257077580215
8
OK_max: 28
OK_max: 21
592 / 1259
thread_mean: 6.283752353527523
8
OK_max: 35
OK_max: 15
593 / 1259
thread_mean: 5.86678390855133
8
OK_max: 39
NOK_max: 10
NOK_max: 11
594 / 1259
thread_mean: 6.567828889539994
8
OK_max: 37
NOK_max: 9
595 / 1259
thread_mean: 4.873923257635082
8
OK_max: 30
596 / 1259
thread_mean: 4.850717962611758
8
OK_max: 26
597 / 1259
thread_mean: 4.99284878429333
8
OK_max: 30
OK_max: 11
598 / 1259
thread_mean: 5.995642701525054
8
OK_max: 30
OK_max: 12
NOK_max: 10
599 / 1259
thread_mean: 5.731343283582089
8
OK_max: 24
NOK_max: 9
600 / 1259
thread_mean: 5.536895674300254
8
OK_max: 18
601 / 1259
thread_mean: 3.9119804400977998
8
OK_max: 18
602 / 1259
thread_mean: 4.188347964884278
8
OK_max: 20
603 / 1259
thread_mean: 4.1747856993518715
8
OK_max: 20
604 / 1259
thread_mean: 5.4721189591078065
8
OK_max: 21
605 / 1259
thread_mean: 5.82053354890865
8
OK_max: 26
606 / 1259
thread_mean: 7.14331931413782
8
OK_max: 26
607 / 1259
thread_mean: 5.648590021691974
8
OK_max: 23
608 / 1259
thread_mean: 5.062454434993924
8
OK_max: 23
609 / 1259
thread_mean: 4.635441815548044
8
OK_max: 21
610 / 1259
thread_mean: 5.028893587033123
8
OK_max: 20
611 / 1259
thread_mean: 5.728838951310861
8
OK_max: 22
612 / 1259
thread_mean: 6.33073244399698
8
OK_max: 28
613 / 1259
thread_mean: 6.549589387239418
8
OK_max: 32
614 / 1259
thread_mean: 6.52887537993921
8
OK_max: 35
615 / 1259
thread_mean: 6.231353282715498
8
OK_max: 41
616 / 1259
thread_mean: 5.949330908146031
8
OK_max: 41
617 / 1259
thread_mean: 6.496240601503759
8
OK_max: 38
NOK_max: 10
618 / 1259
thread_mean: 7.03485254691689
8
OK_max: 38
619 / 1259
thread_mean: 5.906863661866467
8
OK_max: 40
620 / 1259
thread_mean: 8.178560201194593
8.178560201194593
OK_max: 39
621 / 1259
thread_mean: 7.369631383158606
8
OK_max: 35
622 / 1259
thread_mean: 6.91703056768559
8
OK_max: 34
623 / 1259
thread_mean: 6.520586182833217
8
OK_max: 37
624 / 1259
thread_mean: 7.308970099667773
8
OK_max: 37
625 / 1259
thread_mean: 8.528710725893824
8.528710725893824
OK_max: 35
626 / 1259
thread_mean: 6.20979020979021
8
OK_max: 33
627 / 1259
thread_mean: 6.9568329232833825
8
OK_max: 32
628 / 1259
thread_mean: 9.620253164556962
9.620253164556962
OK_max: 32
629 / 1259
thread_mean: 7.755015839493136
8
OK_max: 21
630 / 1259
thread_mean: 5.4874371859296485
8
OK_max: 16
631 / 1259
thread_mean: 6.4
8
OK_max: 21
632 / 1259
thread_mean: 4.936117170458086
8
OK_max: 23
633 / 1259
thread_mean: 6.623847376788553
8
OK_max: 28
634 / 1259
thread_mean: 8.08886480628556
8.08886480628556
OK_max: 31
NOK_max: 10
635 / 1259
thread_mean: 6.490780141843972
8
OK_max: 27
636 / 1259
thread_mean: 6.663837526523189
8
OK_max: 24
637 / 1259
thread_mean: 6.918918918918919
8
OK_max: 25
638 / 1259
thread_mean: 7.145233525271912
8
OK_max: 34
639 / 1259
thread_mean: 7.4520547945205475
8
OK_max: 37
640 / 1259
thread_mean: 6.739039665970772
8
OK_max: 27
641 / 1259
thread_mean: 4.819400127632418
8
OK_max: 27
642 / 1259
thread_mean: 6.099216710182768
8
OK_max: 32
643 / 1259
thread_mean: 6.83129123468426
8
OK_max: 31
644 / 1259
thread_mean: 6.416020025031289
8
OK_max: 31
645 / 1259
thread_mean: 7.348865355521936
8
OK_max: 31
646 / 1259
thread_mean: 5.873144399460189
8
OK_max: 32
647 / 1259
thread_mean: 6.480757097791798
8
OK_max: 33
648 / 1259
thread_mean: 6.929577464788732
8
OK_max: 33
NOK_max: 9
649 / 1259
thread_mean: 8.061312895701434
8.061312895701434
OK_max: 31
650 / 1259
thread_mean: 6.3626879410862225
8
OK_max: 27
651 / 1259
thread_mean: 4.481927710843373
8
OK_max: 22
652 / 1259
thread_mean: 4.581155015197568
8
OK_max: 19
653 / 1259
thread_mean: 5.534308211473566
8
OK_max: 24
654 / 1259
thread_mean: 6.262153846153846
8
OK_max: 28
655 / 1259
thread_mean: 6.089750692520775
8
OK_max: 30
656 / 1259
thread_mean: 6.011741682974559
8
OK_max: 30
657 / 1259
thread_mean: 6.201615003907268
8
OK_max: 27
658 / 1259
thread_mean: 5.071622468156191
8
OK_max: 26
659 / 1259
thread_mean: 3.8713758566157086
8
OK_max: 20
660 / 1259
thread_mean: 4.359508041627247
8
OK_max: 15
661 / 1259
thread_mean: 5.367837338262477
8
OK_max: 17
662 / 1259
thread_mean: 4.475234703787634
8
OK_max: 17
663 / 1259
thread_mean: 4.646924829157175
8
OK_max: 20
664 / 1259
thread_mean: 5.641270925862658
8
OK_max: 24
665 / 1259
thread_mean: 5.4246128769356154
8
OK_max: 26
666 / 1259
thread_mean: 6.657420249653259
8
OK_max: 28
667 / 1259
thread_mean: 7.555150410209663
8
OK_max: 30
668 / 1259
thread_mean: 6.637115448230235
8
OK_max: 30
669 / 1259
thread_mean: 6.908485856905159
8
OK_max: 25
670 / 1259
thread_mean: 5.900430239704979
8
OK_max: 25
671 / 1259
thread_mean: 5.602667937112911
8
OK_max: 29
672 / 1259
thread_mean: 6.21247892074199
8
OK_max: 28
NOK_max: 10
673 / 1259
thread_mean: 7.380560131795717
8
OK_max: 28
NOK_max: 10
674 / 1259
thread_mean: 6.265109192483494
8
OK_max: 31
675 / 1259
thread_mean: 8.249574588769143
8.249574588769143
OK_max: 31
NOK_max: 9
676 / 1259
thread_mean: 7.739395359737521
8
OK_max: 30
677 / 1259
thread_mean: 6.5416301489921125
8
OK_max: 29
678 / 1259
thread_mean: 7.081530782029951
8
OK_max: 31
679 / 1259
thread_mean: 8.488319517709119
8.488319517709119
OK_max: 31
NOK_max: 14
680 / 1259
thread_mean: 8.350947158524427
8.350947158524427
OK_max: 28
NOK_max: 16
681 / 1259
thread_mean: 6.5565749235474
8
OK_max: 33
NOK_max: 10
682 / 1259
thread_mean: 6.887323943661972
8
OK_max: 31
683 / 1259
thread_mean: 6.926829268292684
8
OK_max: 23
OK_max: 16
684 / 1259
thread_mean: 7.208022627924917
8
OK_max: 22
OK_max: 18
685 / 1259
thread_mean: 7.114875595553203
8
OK_max: 20
OK_max: 19
686 / 1259
thread_mean: 5.572953736654805
8
OK_max: 23
NOK_max: 11
687 / 1259
thread_mean: 5.2405899185560205
8
OK_max: 25
688 / 1259
thread_mean: 5.245901639344262
8
OK_max: 20
NOK_max: 10
689 / 1259
thread_mean: 4.720848056537102
8
OK_max: 16
690 / 1259
thread_mean: 7.298969072164947
8
OK_max: 18
691 / 1259
thread_mean: 5.8988764044943816
8
OK_max: 20
692 / 1259
thread_mean: 6.033920851346856
8
OK_max: 19
693 / 1259
thread_mean: 7.065653075328266
8
OK_max: 19
694 / 1259
thread_mean: 6.707070707070708
8
OK_max: 20
695 / 1259
thread_mean: 5.21977186311787
8
OK_max: 20
696 / 1259
thread_mean: 6.099491052372352
8
OK_max: 22
NOK_max: 12
NOK_max: 11
697 / 1259
thread_mean: 7.63595336592704
8
OK_max: 23
NOK_max: 10
NOK_max: 13
698 / 1259
thread_mean: 6.352357320099255
8
OK_max: 23
OK_max: 13
699 / 1259
thread_mean: 6.213430504945341
8
OK_max: 24
NOK_max: 12
NOK_max: 10
700 / 1259
thread_mean: 7.115228720324261
8
OK_max: 25
NOK_max: 11
NOK_max: 9
701 / 1259
thread_mean: 7.998393896807869
8
OK_max: 25
NOK_max: 10
NOK_max: 11
702 / 1259
thread_mean: 6.20193423597679
8
OK_max: 24
703 / 1259
thread_mean: 5.64466143069412
8
OK_max: 24
NOK_max: 9
704 / 1259
thread_mean: 5.688760806916426
8
OK_max: 20
NOK_max: 11
705 / 1259
thread_mean: 7.052172395742454
8
OK_max: 19
NOK_max: 14
NOK_max: 10
OK_max: 17
706 / 1259
thread_mean: 8.03631741420011
8.03631741420011
OK_max: 20
NOK_max: 16
NOK_max: 10
NOK_max: 9
OK_max: 17
707 / 1259
thread_mean: 9.078281341965862
9.078281341965862
NOK_max: 18
NOK_max: 17
NOK_max: 12
NOK_max: 13
708 / 1259
thread_mean: 9.536650615302301
9.536650615302301
NOK_max: 17
NOK_max: 18
NOK_max: 13
OK_max: 24
709 / 1259
thread_mean: 10.632626243664351
10.632626243664351
NOK_max: 19
NOK_max: 19
OK_max: 27
710 / 1259
thread_mean: 10.54355919583023
10.54355919583023
NOK_max: 21
NOK_max: 20
OK_max: 24
711 / 1259
thread_mean: 10.97196628112135
10.97196628112135
NOK_max: 19
NOK_max: 20
NOK_max: 13
712 / 1259
thread_mean: 8.426538659351964
8.426538659351964
OK_max: 20
OK_max: 20
713 / 1259
thread_mean: 7.164712451144611
8
OK_max: 22
NOK_max: 14
714 / 1259
thread_mean: 6.746523270906731
8
OK_max: 21
NOK_max: 13
NOK_max: 10
NOK_max: 9
715 / 1259
thread_mean: 7.4192037470726
8
OK_max: 20
NOK_max: 13
OK_max: 15
716 / 1259
thread_mean: 9.416267942583731
9.416267942583731
OK_max: 23
OK_max: 20
NOK_max: 17
717 / 1259
thread_mean: 10.844868735083532
10.844868735083532
OK_max: 26
OK_max: 22
718 / 1259
thread_mean: 9.626464507236388
9.626464507236388
OK_max: 28
OK_max: 21
NOK_max: 10
719 / 1259
thread_mean: 9.510783798001052
9.510783798001052
OK_max: 25
720 / 1259
thread_mean: 10.598153352067444
10.598153352067444
NOK_max: 17
OK_max: 33
NOK_max: 15
721 / 1259
thread_mean: 10.316699410609036
10.316699410609036
NOK_max: 12
OK_max: 31
NOK_max: 19
722 / 1259
thread_mean: 12.10247191011236
12.10247191011236
NOK_max: 23
NOK_max: 22
723 / 1259
thread_mean: 11.299741087432782
11.299741087432782
NOK_max: 16
OK_max: 24
724 / 1259
thread_mean: 12.225227043390515
12.225227043390515
NOK_max: 19
OK_max: 29
725 / 1259
thread_mean: 10.778886268819155
10.778886268819155
NOK_max: 18
OK_max: 29
726 / 1259
thread_mean: 9.727403156384506
9.727403156384506
OK_max: 21
OK_max: 23
NOK_max: 13
727 / 1259
thread_mean: 8.785523583506377
8.785523583506377
OK_max: 23
OK_max: 28
NOK_max: 15
728 / 1259
thread_mean: 9.462940461725395
9.462940461725395
OK_max: 24
OK_max: 27
729 / 1259
thread_mean: 12.144955925563174
12.144955925563174
OK_max: 31
OK_max: 27
730 / 1259
thread_mean: 14.077890952666266
14.077890952666266
OK_max: 36
OK_max: 39
731 / 1259
thread_mean: 13.882533353780097
13.882533353780097
OK_max: 31
OK_max: 48
732 / 1259
thread_mean: 13.222099795372266
13.222099795372266
OK_max: 28
OK_max: 46
733 / 1259
thread_mean: 11.647058823529411
11.647058823529411
OK_max: 32
OK_max: 35
734 / 1259
thread_mean: 12.343839541547277
12.343839541547277
OK_max: 29
OK_max: 32
735 / 1259
thread_mean: 12.531776021985571
12.531776021985571
NOK_max: 25
OK_max: 37
736 / 1259
thread_mean: 11.95864106351551
11.95864106351551
OK_max: 34
737 / 1259
thread_mean: 14.381586917019987
14.381586917019987
OK_max: 34
738 / 1259
thread_mean: 12.30471584038694
12.30471584038694
OK_max: 36
739 / 1259
thread_mean: 12.290205562273279
12.290205562273279
OK_max: 37
740 / 1259
thread_mean: 11.448275862068964
11.448275862068964
OK_max: 39
741 / 1259
thread_mean: 12.889952153110048
12.889952153110048
OK_max: 43
742 / 1259
thread_mean: 15.965367965367967
15.965367965367967
OK_max: 40
743 / 1259
thread_mean: 14.790650059716771
14.790650059716771
OK_max: 41
744 / 1259
thread_mean: 13.628798503973819
13.628798503973819
OK_max: 38
NOK_max: 16
745 / 1259
thread_mean: 14.983308931185945
14.983308931185945
OK_max: 41
NOK_max: 15
746 / 1259
thread_mean: 15.311114289801175
15.311114289801175
OK_max: 43
747 / 1259
thread_mean: 13.731941067086254
13.731941067086254
OK_max: 41
NOK_max: 18
748 / 1259
thread_mean: 12.85866351271437
12.85866351271437
OK_max: 38
NOK_max: 21
749 / 1259
thread_mean: 12.491647617372955
12.491647617372955
OK_max: 31
NOK_max: 16
750 / 1259
thread_mean: 11.532814238042269
11.532814238042269
OK_max: 27
NOK_max: 14
751 / 1259
thread_mean: 11.85243482538121
11.85243482538121
OK_max: 32
NOK_max: 20
752 / 1259
thread_mean: 13.418845584607796
13.418845584607796
OK_max: 43
NOK_max: 21
753 / 1259
thread_mean: 14.314212765957448
14.314212765957448
OK_max: 49
NOK_max: 22
754 / 1259
thread_mean: 16.27293948644281
16.27293948644281
OK_max: 52
NOK_max: 20
755 / 1259
thread_mean: 15.586331585608388
15.586331585608388
OK_max: 51
NOK_max: 18
756 / 1259
thread_mean: 12.95878101191639
12.95878101191639
OK_max: 46
757 / 1259
thread_mean: 11.016114751195325
11.016114751195325
OK_max: 41
758 / 1259
thread_mean: 10.481939633844632
10.481939633844632
OK_max: 35
NOK_max: 12
NOK_max: 15
759 / 1259
thread_mean: 10.089171974522294
10.089171974522294
OK_max: 37
NOK_max: 16
760 / 1259
thread_mean: 10.234644351464436
10.234644351464436
OK_max: 33
NOK_max: 12
761 / 1259
thread_mean: 10.276679841897232
10.276679841897232
OK_max: 31
762 / 1259
thread_mean: 10.936502546689304
10.936502546689304
OK_max: 38
763 / 1259
thread_mean: 12.105050505050505
12.105050505050505
OK_max: 41
764 / 1259
thread_mean: 15.310914454277285
15.310914454277285
OK_max: 43
765 / 1259
thread_mean: 15.422950819672131
15.422950819672131
OK_max: 40
766 / 1259
thread_mean: 14.707813525935652
14.707813525935652
OK_max: 39
767 / 1259
thread_mean: 12.39887547544237
12.39887547544237
OK_max: 43
768 / 1259
thread_mean: 11.634810464495462
11.634810464495462
OK_max: 35
769 / 1259
thread_mean: 9.503561643835615
9.503561643835615
OK_max: 30
770 / 1259
thread_mean: 9.091030343447816
9.091030343447816
OK_max: 37
NOK_max: 18
771 / 1259
thread_mean: 9.957805907172997
9.957805907172997
OK_max: 36
NOK_max: 18
772 / 1259
thread_mean: 9.260913028990338
9.260913028990338
OK_max: 28
773 / 1259
thread_mean: 8.698040529224585
8.698040529224585
OK_max: 27
774 / 1259
thread_mean: 10.995825013614088
10.995825013614088
OK_max: 32
NOK_max: 12
775 / 1259
thread_mean: 10.622098421541319
10.622098421541319
OK_max: 35
NOK_max: 13
776 / 1259
thread_mean: 11.24354116431278
11.24354116431278
OK_max: 39
777 / 1259
thread_mean: 12.680682268940895
12.680682268940895
OK_max: 43
778 / 1259
thread_mean: 12.457308248914616
12.457308248914616
OK_max: 33
779 / 1259
thread_mean: 12.047287056683842
12.047287056683842
OK_max: 26
780 / 1259
thread_mean: 8.373677419354838
8.373677419354838
OK_max: 22
781 / 1259
thread_mean: 6.6509502044743805
8
OK_max: 20
782 / 1259
thread_mean: 7.252825698988698
8
OK_max: 24
NOK_max: 10
783 / 1259
thread_mean: 8.026869365388016
8.026869365388016
OK_max: 29
NOK_max: 13
784 / 1259
thread_mean: 9.738548420832462
9.738548420832462
OK_max: 28
NOK_max: 13
785 / 1259
thread_mean: 10.253929866989118
10.253929866989118
OK_max: 29
786 / 1259
thread_mean: 10.365189101260675
10.365189101260675
OK_max: 35
787 / 1259
thread_mean: 11.513552410650036
11.513552410650036
OK_max: 37
788 / 1259
thread_mean: 10.223899371069182
10.223899371069182
OK_max: 35
NOK_max: 13
789 / 1259
thread_mean: 9.990452549169373
9.990452549169373
OK_max: 32
NOK_max: 14
790 / 1259
thread_mean: 10.99407281964437
10.99407281964437
OK_max: 29
NOK_max: 16
791 / 1259
thread_mean: 9.76522506619594
9.76522506619594
OK_max: 32
NOK_max: 12
792 / 1259
thread_mean: 8.98545101842871
8.98545101842871
OK_max: 28
793 / 1259
thread_mean: 10.35173299101412
10.35173299101412
OK_max: 24
794 / 1259
thread_mean: 9.088639200998752
9.088639200998752
OK_max: 28
NOK_max: 11
795 / 1259
thread_mean: 9.653061224489795
9.653061224489795
OK_max: 31
796 / 1259
thread_mean: 13.023776223776224
13.023776223776224
OK_max: 29
797 / 1259
thread_mean: 9.471376370280145
9.471376370280145
OK_max: 31
798 / 1259
thread_mean: 10.307328605200945
10.307328605200945
OK_max: 37
799 / 1259
thread_mean: 11.158359064843406
11.158359064843406
OK_max: 37
800 / 1259
thread_mean: 12.637470847369784
12.637470847369784
OK_max: 34
801 / 1259
thread_mean: 9.20632208457924
9.20632208457924
OK_max: 27
802 / 1259
thread_mean: 8.529823118058413
8.529823118058413
OK_max: 24
803 / 1259
thread_mean: 9.591819343843206
9.591819343843206
OK_max: 28
NOK_max: 15
804 / 1259
thread_mean: 9.92272955343703
9.92272955343703
OK_max: 31
NOK_max: 11
805 / 1259
thread_mean: 9.070503597122302
9.070503597122302
OK_max: 30
NOK_max: 10
806 / 1259
thread_mean: 9.742372881355932
9.742372881355932
OK_max: 34
NOK_max: 12
807 / 1259
thread_mean: 9.244743481917578
9.244743481917578
OK_max: 29
NOK_max: 11
808 / 1259
thread_mean: 8.959432498337398
8.959432498337398
OK_max: 22
NOK_max: 15
809 / 1259
thread_mean: 9.513932638720622
9.513932638720622
OK_max: 30
810 / 1259
thread_mean: 13.580487804878047
13.580487804878047
OK_max: 29
811 / 1259
thread_mean: 8.929608938547485
8.929608938547485
OK_max: 26
812 / 1259
thread_mean: 8.800382958353278
8.800382958353278
OK_max: 29
813 / 1259
thread_mean: 10.982078853046595
10.982078853046595
OK_max: 31
814 / 1259
thread_mean: 8.172696868349043
8.172696868349043
OK_max: 22
815 / 1259
thread_mean: 7.028623079240736
8
OK_max: 21
816 / 1259
thread_mean: 9.829468426685693
9.829468426685693
OK_max: 28
817 / 1259
thread_mean: 7.625028861694759
8
OK_max: 26
818 / 1259
thread_mean: 6.858708057521113
8
OK_max: 22
819 / 1259
thread_mean: 8.962962962962962
8.962962962962962
OK_max: 28
820 / 1259
thread_mean: 11.19518204215713
11.19518204215713
OK_max: 35
821 / 1259
thread_mean: 9.309469573706476
9.309469573706476
OK_max: 26
822 / 1259
thread_mean: 10.843853820598007
10.843853820598007
OK_max: 24
823 / 1259
thread_mean: 8.198722498225692
8.198722498225692
OK_max: 30
824 / 1259
thread_mean: 7.748344370860927
8
OK_max: 30
825 / 1259
thread_mean: 8.777006937561943
8.777006937561943
OK_max: 27
826 / 1259
thread_mean: 10.39834270494229
10.39834270494229
OK_max: 31
827 / 1259
thread_mean: 11.95330739299611
11.95330739299611
OK_max: 34
828 / 1259
thread_mean: 10.270855904658722
10.270855904658722
OK_max: 32
829 / 1259
thread_mean: 8.580751950815795
8.580751950815795
OK_max: 35
830 / 1259
thread_mean: 9.511520737327189
9.511520737327189
OK_max: 36
831 / 1259
thread_mean: 10.124197002141328
10.124197002141328
OK_max: 34
832 / 1259
thread_mean: 9.800278164116829
9.800278164116829
OK_max: 36
833 / 1259
thread_mean: 15.576653696498056
15.576653696498056
OK_max: 43
834 / 1259
thread_mean: 9.900472866471516
9.900472866471516
OK_max: 43
835 / 1259
thread_mean: 9.172413793103448
9.172413793103448
OK_max: 35
836 / 1259
thread_mean: 10.444444444444445
10.444444444444445
OK_max: 37
837 / 1259
thread_mean: 11.1273920174959
11.1273920174959
OK_max: 39
838 / 1259
thread_mean: 11.641360357265544
11.641360357265544
OK_max: 33
839 / 1259
thread_mean: 13.038229376257545
13.038229376257545
OK_max: 29
840 / 1259
thread_mean: 10.001917545541707
10.001917545541707
OK_max: 33
841 / 1259
thread_mean: 9.012802275960171
9.012802275960171
OK_max: 31
842 / 1259
thread_mean: 8.077396657871592
8.077396657871592
OK_max: 28
843 / 1259
thread_mean: 8.205128205128204
8.205128205128204
OK_max: 27
844 / 1259
thread_mean: 7.857486759749639
8
OK_max: 27
845 / 1259
thread_mean: 9.711356892365794
9.711356892365794
OK_max: 32
846 / 1259
thread_mean: 9.602388653894003
9.602388653894003
OK_max: 35
847 / 1259
thread_mean: 11.57943925233645
11.57943925233645
OK_max: 37
848 / 1259
thread_mean: 12.180645161290323
12.180645161290323
OK_max: 29
849 / 1259
thread_mean: 9.576853526220615
9.576853526220615
OK_max: 27
850 / 1259
thread_mean: 8.319517709118312
8.319517709118312
OK_max: 26
851 / 1259
thread_mean: 8.796579108124618
8.796579108124618
OK_max: 23
852 / 1259
thread_mean: 8.282926829268291
8.282926829268291
OK_max: 25
853 / 1259
thread_mean: 7.304990757855823
8
OK_max: 24
NOK_max: 9
854 / 1259
thread_mean: 7.818845872899928
8
OK_max: 23
855 / 1259
thread_mean: 7.18145285935085
8
OK_max: 23
856 / 1259
thread_mean: 8.426106526631658
8.426106526631658
OK_max: 26
857 / 1259
thread_mean: 10.356363636363636
10.356363636363636
OK_max: 31
858 / 1259
thread_mean: 7.851640513552069
8
OK_max: 32
859 / 1259
thread_mean: 7.688116486613433
8
OK_max: 29
860 / 1259
thread_mean: 7.649864171445819
8
OK_max: 26
861 / 1259
thread_mean: 12.033802816901408
12.033802816901408
OK_max: 26
862 / 1259
thread_mean: 12.614699331848552
12.614699331848552
OK_max: 32
863 / 1259
thread_mean: 11.176585365853658
11.176585365853658
OK_max: 32
864 / 1259
thread_mean: 8.39344262295082
8.39344262295082
OK_max: 22
865 / 1259
thread_mean: 7.767869780608634
8
OK_max: 22
866 / 1259
thread_mean: 8.014519056261344
8.014519056261344
OK_max: 25
867 / 1259
thread_mean: 7.197994987468672
8
OK_max: 25
868 / 1259
thread_mean: 7.721241050119332
8
OK_max: 23
869 / 1259
thread_mean: 7.960591133004925
8
OK_max: 22
870 / 1259
thread_mean: 13.066959385290888
13.066959385290888
NOK_max: 20
NOK_max: 16
871 / 1259
thread_mean: 14.840579710144926
14.840579710144926
NOK_max: 23
NOK_max: 17
872 / 1259
thread_mean: 11.522853957636567
11.522853957636567
OK_max: 25
873 / 1259
thread_mean: 13.180695847362514
13.180695847362514
OK_max: 29
NOK_max: 17
NOK_max: 22
874 / 1259
thread_mean: 14.76923076923077
14.76923076923077
OK_max: 30
875 / 1259
thread_mean: 15.913846153846155
15.913846153846155
NOK_max: 29
876 / 1259
thread_mean: 13.210149642160053
13.210149642160053
OK_max: 28
877 / 1259
thread_mean: 12.16032887975334
12.16032887975334
OK_max: 30
878 / 1259
thread_mean: 11.88814913448735
11.88814913448735
OK_max: 32
879 / 1259
thread_mean: 11.893048128342246
11.893048128342246
OK_max: 31
880 / 1259
thread_mean: 10.151368760064411
10.151368760064411
OK_max: 25
881 / 1259
thread_mean: 9.402448554311018
9.402448554311018
OK_max: 24
882 / 1259
thread_mean: 11.16557530402245
11.16557530402245
OK_max: 24
883 / 1259
thread_mean: 7.93006993006993
8
OK_max: 23
884 / 1259
thread_mean: 8.783147459727386
8.783147459727386
OK_max: 24
OK_max: 27
885 / 1259
thread_mean: 10.136945071482318
10.136945071482318
OK_max: 28
OK_max: 23
886 / 1259
thread_mean: 10.757737459978655
10.757737459978655
OK_max: 31
887 / 1259
thread_mean: 12.262509429218005
12.262509429218005
OK_max: 38
888 / 1259
thread_mean: 15.049944506104328
15.049944506104328
OK_max: 36
889 / 1259
thread_mean: 15.122551762730833
15.122551762730833
OK_max: 36
890 / 1259
thread_mean: 15.76753000631712
15.76753000631712
OK_max: 35
NOK_max: 30
891 / 1259
thread_mean: 15.287993282955497
15.287993282955497
OK_max: 32
OK_max: 34
892 / 1259
thread_mean: 16.441102756892228
16.441102756892228
OK_max: 36
OK_max: 38
893 / 1259
thread_mean: 15.173333333333334
15.173333333333334
OK_max: 36
OK_max: 36
894 / 1259
thread_mean: 13.042471042471043
13.042471042471043
OK_max: 36
OK_max: 36
895 / 1259
thread_mean: 12.927932667017359
12.927932667017359
OK_max: 35
OK_max: 35
896 / 1259
thread_mean: 15.786844296419652
15.786844296419652
NOK_max: 31
NOK_max: 27
897 / 1259
thread_mean: 12.385109114249037
12.385109114249037
OK_max: 35
NOK_max: 22
898 / 1259
thread_mean: 11.088872292755788
11.088872292755788
NOK_max: 22
OK_max: 38
899 / 1259
thread_mean: 10.219850586979723
10.219850586979723
OK_max: 38
NOK_max: 16
900 / 1259
thread_mean: 13.972939729397293
13.972939729397293
OK_max: 39
NOK_max: 15
901 / 1259
thread_mean: 15.675717017208413
15.675717017208413
OK_max: 43
NOK_max: 22
902 / 1259
thread_mean: 16.2917752139933
16.2917752139933
OK_max: 45
NOK_max: 23
903 / 1259
thread_mean: 13.483146067415731
13.483146067415731
OK_max: 42
NOK_max: 19
904 / 1259
thread_mean: 13.25091671031954
13.25091671031954
OK_max: 45
NOK_max: 23
905 / 1259
thread_mean: 13.43299908842297
13.43299908842297
OK_max: 47
NOK_max: 26
906 / 1259
thread_mean: 13.742198100407055
13.742198100407055
OK_max: 44
NOK_max: 22
907 / 1259
thread_mean: 14.047685834502104
14.047685834502104
OK_max: 43
NOK_max: 24
908 / 1259
thread_mean: 13.440451021846371
13.440451021846371
OK_max: 28
OK_max: 40
909 / 1259
thread_mean: 12.718049741442995
12.718049741442995
OK_max: 36
NOK_max: 25
910 / 1259
thread_mean: 11.835288245570252
11.835288245570252
OK_max: 35
NOK_max: 23
911 / 1259
thread_mean: 13.434170576869995
13.434170576869995
NOK_max: 24
OK_max: 36
NOK_max: 15
912 / 1259
thread_mean: 15.263249348392703
15.263249348392703
OK_max: 42
NOK_max: 23
913 / 1259
thread_mean: 13.98081180811808
13.98081180811808
OK_max: 51
NOK_max: 22
914 / 1259
thread_mean: 15.407407407407407
15.407407407407407
OK_max: 56
NOK_max: 23
NOK_max: 16
915 / 1259
thread_mean: 17.176302640970736
17.176302640970736
OK_max: 58
NOK_max: 22
916 / 1259
thread_mean: 16.493392070484582
16.493392070484582
OK_max: 49
NOK_max: 21
917 / 1259
thread_mean: 16.785347985347983
16.785347985347983
OK_max: 43
NOK_max: 22
918 / 1259
thread_mean: 15.238095238095237
15.238095238095237
OK_max: 46
NOK_max: 24
919 / 1259
thread_mean: 13.210256410256411
13.210256410256411
OK_max: 43
NOK_max: 25
920 / 1259
thread_mean: 15.703092783505156
15.703092783505156
OK_max: 49
NOK_max: 23
921 / 1259
thread_mean: 17.40122199592668
17.40122199592668
OK_max: 55
NOK_max: 25
922 / 1259
thread_mean: 18.938972809667675
18.938972809667675
OK_max: 53
NOK_max: 22
923 / 1259
thread_mean: 17.142857142857142
17.142857142857142
OK_max: 51
NOK_max: 19
924 / 1259
thread_mean: 16.501944516463574
16.501944516463574
OK_max: 50
NOK_max: 22
925 / 1259
thread_mean: 16.721773142112124
16.721773142112124
OK_max: 53
NOK_max: 23
926 / 1259
thread_mean: 18.061401207032276
18.061401207032276
OK_max: 56
NOK_max: 23
927 / 1259
thread_mean: 18.57737938307408
18.57737938307408
OK_max: 51
NOK_max: 25
928 / 1259
thread_mean: 17.320634920634923
17.320634920634923
OK_max: 54
NOK_max: 22
929 / 1259
thread_mean: 14.653721682847898
14.653721682847898
OK_max: 42
NOK_max: 18
930 / 1259
thread_mean: 12.9883877936808
12.9883877936808
OK_max: 26
NOK_max: 22
931 / 1259
thread_mean: 13.874523749047498
13.874523749047498
OK_max: 29
NOK_max: 23
932 / 1259
thread_mean: 14.011321683485109
14.011321683485109
OK_max: 33
NOK_max: 24
933 / 1259
thread_mean: 10.410824108241084
10.410824108241084
OK_max: 34
NOK_max: 20
934 / 1259
thread_mean: 12.223310479921645
12.223310479921645
OK_max: 35
NOK_max: 19
935 / 1259
thread_mean: 16.631163708086785
16.631163708086785
OK_max: 38
NOK_max: 22
936 / 1259
thread_mean: 16.196681007990165
16.196681007990165
OK_max: 37
NOK_max: 25
937 / 1259
thread_mean: 14.55793991416309
14.55793991416309
OK_max: 43
NOK_max: 28
938 / 1259
thread_mean: 15.42272062408581
15.42272062408581
OK_max: 45
NOK_max: 24
939 / 1259
thread_mean: 14.2487747957993
14.2487747957993
OK_max: 42
NOK_max: 27
940 / 1259
thread_mean: 13.12214765100671
13.12214765100671
OK_max: 42
OK_max: 29
941 / 1259
thread_mean: 12.890322580645162
12.890322580645162
OK_max: 47
OK_max: 26
942 / 1259
thread_mean: 14.443680485338728
14.443680485338728
OK_max: 51
NOK_max: 28
943 / 1259
thread_mean: 13.045236828100055
13.045236828100055
OK_max: 51
NOK_max: 26
944 / 1259
thread_mean: 14.16629213483146
14.16629213483146
OK_max: 54
NOK_max: 26
945 / 1259
thread_mean: 15.542125275165098
15.542125275165098
OK_max: 58
NOK_max: 31
946 / 1259
thread_mean: 13.887133182844245
13.887133182844245
OK_max: 30
OK_max: 53
947 / 1259
thread_mean: 16.232876712328768
16.232876712328768
OK_max: 55
NOK_max: 31
948 / 1259
thread_mean: 17.335266100641956
17.335266100641956
OK_max: 60
NOK_max: 30
949 / 1259
thread_mean: 17.29747219413549
17.29747219413549
OK_max: 59
NOK_max: 26
950 / 1259
thread_mean: 15.502890173410407
15.502890173410407
OK_max: 62
NOK_max: 26
951 / 1259
thread_mean: 16.82246952835188
16.82246952835188
OK_max: 68
NOK_max: 33
952 / 1259
thread_mean: 16.426367461430573
16.426367461430573
OK_max: 35
OK_max: 65
953 / 1259
thread_mean: 20.641019589332075
20.641019589332075
OK_max: 59
NOK_max: 34
954 / 1259
thread_mean: